\BOOKMARK [0][-]{Doc-Start}{Title}{}% 1
\BOOKMARK [0][-]{chapter*.1}{Contents}{}% 2
\BOOKMARK [0][-]{chapter*.2}{List of Figures}{}% 3
\BOOKMARK [0][-]{chapter*.3}{List of Tables}{}% 4
\BOOKMARK [0][-]{chapter*.4}{List of Algorithms}{}% 5
\BOOKMARK [0][-]{chapter*.5}{Overview Statements}{}% 6
\BOOKMARK [1][-]{section.0.1}{Mission Statement}{chapter*.5}% 7
\BOOKMARK [1][-]{section.0.2}{Elevator Pitch}{chapter*.5}% 8
\BOOKMARK [0][-]{chapter*.6}{Document Preparation and Updates}{}% 9
\BOOKMARK [0][-]{chapter.1}{Overview and concept of operations}{}% 10
\BOOKMARK [1][-]{section.1.1}{Scope}{chapter.1}% 11
\BOOKMARK [1][-]{section.1.2}{Purpose}{chapter.1}% 12
\BOOKMARK [2][-]{subsection.1.2.1}{Integrated Group Messaging}{section.1.2}% 13
\BOOKMARK [2][-]{subsection.1.2.2}{GPS Location services}{section.1.2}% 14
\BOOKMARK [2][-]{subsection.1.2.3}{Group Management Features}{section.1.2}% 15
\BOOKMARK [2][-]{subsection.1.2.4}{Suggestions}{section.1.2}% 16
\BOOKMARK [1][-]{section.1.3}{Systems Goals}{chapter.1}% 17
\BOOKMARK [1][-]{section.1.4}{System Overview and Diagram}{chapter.1}% 18
\BOOKMARK [1][-]{section.1.5}{Technologies Overview}{chapter.1}% 19
\BOOKMARK [0][-]{chapter.2}{Project Overview}{}% 20
\BOOKMARK [1][-]{section.2.1}{Team Members and Roles}{chapter.2}% 21
\BOOKMARK [1][-]{section.2.2}{Project Management Approach}{chapter.2}% 22
\BOOKMARK [1][-]{section.2.3}{Phase Overview}{chapter.2}% 23
\BOOKMARK [1][-]{section.2.4}{Terminology and Acronyms}{chapter.2}% 24
\BOOKMARK [0][-]{chapter.3}{User Stories, Backlog and Requirements}{}% 25
\BOOKMARK [1][-]{section.3.1}{Overview}{chapter.3}% 26
\BOOKMARK [2][-]{subsection.3.1.1}{Scope}{section.3.1}% 27
\BOOKMARK [2][-]{subsection.3.1.2}{Purpose of the System}{section.3.1}% 28
\BOOKMARK [1][-]{section.3.2}{ Stakeholder Information}{chapter.3}% 29
\BOOKMARK [2][-]{subsection.3.2.1}{Customer or End User \(Product Owner\)}{section.3.2}% 30
\BOOKMARK [2][-]{subsection.3.2.2}{Management or Instructor \(Scrum Master\)}{section.3.2}% 31
\BOOKMARK [2][-]{subsection.3.2.3}{Investors}{section.3.2}% 32
\BOOKMARK [2][-]{subsection.3.2.4}{Developers \205Testers}{section.3.2}% 33
\BOOKMARK [1][-]{section.3.3}{Business Need}{chapter.3}% 34
\BOOKMARK [1][-]{section.3.4}{Requirements and Design Constraints}{chapter.3}% 35
\BOOKMARK [2][-]{subsection.3.4.1}{System Requirements}{section.3.4}% 36
\BOOKMARK [2][-]{subsection.3.4.2}{Network Requirements}{section.3.4}% 37
\BOOKMARK [2][-]{subsection.3.4.3}{Development Environment Requirements}{section.3.4}% 38
\BOOKMARK [2][-]{subsection.3.4.4}{Project Management Methodology}{section.3.4}% 39
\BOOKMARK [1][-]{section.3.5}{User Stories}{chapter.3}% 40
\BOOKMARK [2][-]{subsection.3.5.1}{User Story \0431 }{section.3.5}% 41
\BOOKMARK [2][-]{subsection.3.5.2}{User Story \0432}{section.3.5}% 42
\BOOKMARK [2][-]{subsection.3.5.3}{User Story \0433}{section.3.5}% 43
\BOOKMARK [2][-]{subsection.3.5.4}{User Story \0434}{section.3.5}% 44
\BOOKMARK [2][-]{subsection.3.5.5}{User Story \0435}{section.3.5}% 45
\BOOKMARK [2][-]{subsection.3.5.6}{User Story \0436}{section.3.5}% 46
\BOOKMARK [2][-]{subsection.3.5.7}{User Story \0437}{section.3.5}% 47
\BOOKMARK [2][-]{subsection.3.5.8}{User Story \0438}{section.3.5}% 48
\BOOKMARK [2][-]{subsection.3.5.9}{User Story \0439}{section.3.5}% 49
\BOOKMARK [2][-]{subsection.3.5.10}{User Story \04310}{section.3.5}% 50
\BOOKMARK [1][-]{section.3.6}{Proof of Concept Results}{chapter.3}% 51
\BOOKMARK [2][-]{subsection.3.6.1}{iOS Proof of Concept Screen Shots}{section.3.6}% 52
\BOOKMARK [2][-]{subsection.3.6.2}{Android Proof of Concept Screen Shots}{section.3.6}% 53
\BOOKMARK [1][-]{section.3.7}{Supporting Material}{chapter.3}% 54
\BOOKMARK [0][-]{chapter.4}{Design and Implementation}{}% 55
\BOOKMARK [1][-]{section.4.1}{Integrated Group Messaging}{chapter.4}% 56
\BOOKMARK [2][-]{subsection.4.1.1}{Technologies Used}{section.4.1}% 57
\BOOKMARK [2][-]{subsection.4.1.2}{Component Overview}{section.4.1}% 58
\BOOKMARK [2][-]{subsection.4.1.3}{Phase Overview}{section.4.1}% 59
\BOOKMARK [2][-]{subsection.4.1.4}{ Architecture Diagram}{section.4.1}% 60
\BOOKMARK [2][-]{subsection.4.1.5}{Data Flow Diagram}{section.4.1}% 61
\BOOKMARK [2][-]{subsection.4.1.6}{Design Details}{section.4.1}% 62
\BOOKMARK [1][-]{section.4.2}{GPS Location Services}{chapter.4}% 63
\BOOKMARK [2][-]{subsection.4.2.1}{Technologies Used}{section.4.2}% 64
\BOOKMARK [2][-]{subsection.4.2.2}{Component Overview}{section.4.2}% 65
\BOOKMARK [2][-]{subsection.4.2.3}{Phase Overview}{section.4.2}% 66
\BOOKMARK [2][-]{subsection.4.2.4}{ Architecture Diagram}{section.4.2}% 67
\BOOKMARK [2][-]{subsection.4.2.5}{Data Flow Diagram}{section.4.2}% 68
\BOOKMARK [2][-]{subsection.4.2.6}{Design Details}{section.4.2}% 69
\BOOKMARK [1][-]{section.4.3}{Group Management Features }{chapter.4}% 70
\BOOKMARK [2][-]{subsection.4.3.1}{Technologies Used}{section.4.3}% 71
\BOOKMARK [2][-]{subsection.4.3.2}{Component Overview}{section.4.3}% 72
\BOOKMARK [2][-]{subsection.4.3.3}{Phase Overview}{section.4.3}% 73
\BOOKMARK [2][-]{subsection.4.3.4}{ Architecture Diagram}{section.4.3}% 74
\BOOKMARK [2][-]{subsection.4.3.5}{Data Flow Diagram}{section.4.3}% 75
\BOOKMARK [2][-]{subsection.4.3.6}{Design Details}{section.4.3}% 76
\BOOKMARK [0][-]{chapter.5}{System and Unit Testing}{}% 77
\BOOKMARK [1][-]{section.5.1}{Overview}{chapter.5}% 78
\BOOKMARK [1][-]{section.5.2}{Dependencies}{chapter.5}% 79
\BOOKMARK [1][-]{section.5.3}{Test Setup and Execution}{chapter.5}% 80
\BOOKMARK [0][-]{chapter.6}{Development Environment}{}% 81
\BOOKMARK [1][-]{section.6.1}{Development IDE and Tools}{chapter.6}% 82
\BOOKMARK [1][-]{section.6.2}{Source Control}{chapter.6}% 83
\BOOKMARK [1][-]{section.6.3}{Dependencies}{chapter.6}% 84
\BOOKMARK [1][-]{section.6.4}{Build Environment}{chapter.6}% 85
\BOOKMARK [1][-]{section.6.5}{Development Machine Setup}{chapter.6}% 86
\BOOKMARK [0][-]{chapter.7}{Release \205 Setup \205 Deployment}{}% 87
\BOOKMARK [1][-]{section.7.1}{Deployment Information and Dependencies}{chapter.7}% 88
\BOOKMARK [1][-]{section.7.2}{Setup Information}{chapter.7}% 89
\BOOKMARK [1][-]{section.7.3}{System Versioning Information}{chapter.7}% 90
\BOOKMARK [0][-]{chapter.8}{User Documentation}{}% 91
\BOOKMARK [1][-]{section.8.1}{User Guide}{chapter.8}% 92
\BOOKMARK [1][-]{section.8.2}{Installation Guide}{chapter.8}% 93
\BOOKMARK [1][-]{section.8.3}{Programmer Manual}{chapter.8}% 94
\BOOKMARK [0][-]{chapter.9}{Class Index}{}% 95
\BOOKMARK [1][-]{section.9.1}{Class List}{chapter.9}% 96
\BOOKMARK [0][-]{chapter.10}{Class Documentation}{}% 97
\BOOKMARK [1][-]{section.10.1}{Poly Class Reference}{chapter.10}% 98
\BOOKMARK [2][-]{subsection.10.1.1}{Constructor \046 Destructor Documentation}{section.10.1}% 99
\BOOKMARK [2][-]{subsection.10.1.2}{Member Function Documentation}{section.10.1}% 100
\BOOKMARK [0][-]{chapter.11}{Business Plan}{}% 101
\BOOKMARK [1][-]{section.11.1}{Business Model}{chapter.11}% 102
\BOOKMARK [1][-]{section.11.2}{Market and Competition}{chapter.11}% 103
\BOOKMARK [1][-]{section.11.3}{Regulatory environment}{chapter.11}% 104
\BOOKMARK [1][-]{section.11.4}{Intellectual Property and Freedom to Operate}{chapter.11}% 105
\BOOKMARK [1][-]{section.11.5}{Management Team and Advisors}{chapter.11}% 106
\BOOKMARK [1][-]{section.11.6}{Sources and Uses of Capital}{chapter.11}% 107
\BOOKMARK [1][-]{section.11.7}{Financial Statements}{chapter.11}% 108
\BOOKMARK [1][-]{section.11.8}{Metrics and Milestones}{chapter.11}% 109
\BOOKMARK [1][-]{section.11.9}{Exit Plan}{chapter.11}% 110
\BOOKMARK [0][-]{chapter.12}{Experimental Log}{}% 111
\BOOKMARK [0][-]{chapter.13}{Research Results}{}% 112
\BOOKMARK [1][-]{section.13.1}{Result 1}{chapter.13}% 113
\BOOKMARK [1][-]{section.13.2}{Result 2}{chapter.13}% 114
\BOOKMARK [1][-]{section.13.3}{Conclusions}{chapter.13}% 115
\BOOKMARK [1][-]{section.13.4}{Further work}{chapter.13}% 116
\BOOKMARK [0][-]{chapter*.7}{Bibliography}{}% 117
\BOOKMARK [0][-]{chapter.14}{Software Agreement}{}% 118
\BOOKMARK [0][-]{appendix.A}{Product Description}{}% 119
\BOOKMARK [0][-]{appendix.B}{Publications}{}% 120
\BOOKMARK [0][-]{appendix.C}{Sprint Reports}{}% 121
\BOOKMARK [1][-]{section.C.1}{Sprint Report \0431}{appendix.C}% 122
\BOOKMARK [1][-]{section.C.2}{Sprint Report \0432}{appendix.C}% 123
\BOOKMARK [1][-]{section.C.3}{Sprint Report \0433}{appendix.C}% 124
\BOOKMARK [1][-]{section.C.4}{Sprint Report ...}{appendix.C}% 125
\BOOKMARK [0][-]{appendix.D}{Industrial Experience and Resumes}{}% 126
\BOOKMARK [1][-]{section.D.1}{Resumes}{appendix.D}% 127
\BOOKMARK [1][-]{section.D.2}{ABET: Industrial Experience Reports}{appendix.D}% 128
\BOOKMARK [2][-]{subsection.D.2.1}{Johnathon Ackerman}{section.D.2}% 129
\BOOKMARK [2][-]{subsection.D.2.2}{Daniel Andrus}{section.D.2}% 130
\BOOKMARK [2][-]{subsection.D.2.3}{Charles Bonn}{section.D.2}% 131
\BOOKMARK [2][-]{subsection.D.2.4}{Evan Hammer}{section.D.2}% 132
\BOOKMARK [2][-]{subsection.D.2.5}{Joseph Mowry}{section.D.2}% 133
\BOOKMARK [0][-]{appendix.E}{Acknowledgment}{}% 134
\BOOKMARK [0][-]{appendix.F}{Supporting Materials}{}% 135
\BOOKMARK [0][-]{appendix*.8}{LaTeX Example}{}% 136
\BOOKMARK [1][-]{section.F.1}{Introduction}{appendix*.8}% 137
\BOOKMARK [1][-]{section.F.2}{Ordinary Text}{appendix*.8}% 138
\BOOKMARK [1][-]{section.F.3}{Displayed Text}{appendix*.8}% 139
\BOOKMARK [1][-]{section.F.4}{Build process}{appendix*.8}% 140
