This is pdfTeX, Version 3.14159265-2.6-1.40.16 (MiKTeX 2.9) (preloaded format=pdflatex 2015.9.8)  13 FEB 2016 15:47
entering extended mode
**"C:/Users/Joe/Documents/GitHub/CrowdControl-SeniorDesign/Busness Plan/Busness
/CCBusinessPlan.tex"

("C:/Users/Joe/Documents/GitHub/CrowdControl-SeniorDesign/Busness Plan/Busness/
CCBusinessPlan.tex"
LaTeX2e <2015/01/01> patch level 2
Babel <3.9m> and hyphenation patterns for 69 languages loaded.
(D:\Programs\MikTeX\tex\latex\base\book.cls
Document Class: book 2014/09/29 v1.4h Standard LaTeX document class
(D:\Programs\MikTeX\tex\latex\base\bk10.clo
File: bk10.clo 2014/09/29 v1.4h Standard LaTeX file (size option)
)
\c@part=\count79
\c@chapter=\count80
\c@section=\count81
\c@subsection=\count82
\c@subsubsection=\count83
\c@paragraph=\count84
\c@subparagraph=\count85
\c@figure=\count86
\c@table=\count87
\abovecaptionskip=\skip41
\belowcaptionskip=\skip42
\bibindent=\dimen102
) (BusinessPlanStyle.tex
(D:\Programs\MikTeX\tex\latex\geometry\geometry.sty
Package: geometry 2010/09/12 v5.6 Page Geometry

(D:\Programs\MikTeX\tex\latex\graphics\keyval.sty
Package: keyval 2014/10/28 v1.15 key=value parser (DPC)
\KV@toks@=\toks14
)
(D:\Programs\MikTeX\tex\generic\oberdiek\ifpdf.sty
Package: ifpdf 2011/01/30 v2.3 Provides the ifpdf switch (HO)
Package ifpdf Info: pdfTeX in PDF mode is detected.
)
(D:\Programs\MikTeX\tex\generic\oberdiek\ifvtex.sty
Package: ifvtex 2010/03/01 v1.5 Detect VTeX and its facilities (HO)
Package ifvtex Info: VTeX not detected.
)
(D:\Programs\MikTeX\tex\generic\ifxetex\ifxetex.sty
Package: ifxetex 2010/09/12 v0.6 Provides ifxetex conditional
)
\Gm@cnth=\count88
\Gm@cntv=\count89
\c@Gm@tempcnt=\count90
\Gm@bindingoffset=\dimen103
\Gm@wd@mp=\dimen104
\Gm@odd@mp=\dimen105
\Gm@even@mp=\dimen106
\Gm@layoutwidth=\dimen107
\Gm@layoutheight=\dimen108
\Gm@layouthoffset=\dimen109
\Gm@layoutvoffset=\dimen110
\Gm@dimlist=\toks15

(D:\Programs\MikTeX\tex\latex\geometry\geometry.cfg))
(D:\Programs\MikTeX\tex\latex\graphics\graphicx.sty
Package: graphicx 2014/10/28 v1.0g Enhanced LaTeX Graphics (DPC,SPQR)

(D:\Programs\MikTeX\tex\latex\graphics\graphics.sty
Package: graphics 2014/10/28 v1.0p Standard LaTeX Graphics (DPC,SPQR)

(D:\Programs\MikTeX\tex\latex\graphics\trig.sty
Package: trig 1999/03/16 v1.09 sin cos tan (DPC)
)
(D:\Programs\MikTeX\tex\latex\00miktex\graphics.cfg
File: graphics.cfg 2007/01/18 v1.5 graphics configuration of teTeX/TeXLive
)
Package graphics Info: Driver file: pdftex.def on input line 94.

(D:\Programs\MikTeX\tex\latex\pdftex-def\pdftex.def
File: pdftex.def 2011/05/27 v0.06d Graphics/color for pdfTeX

(D:\Programs\MikTeX\tex\generic\oberdiek\infwarerr.sty
Package: infwarerr 2010/04/08 v1.3 Providing info/warning/error messages (HO)
)
(D:\Programs\MikTeX\tex\generic\oberdiek\ltxcmds.sty
Package: ltxcmds 2011/11/09 v1.22 LaTeX kernel commands for general use (HO)
)
\Gread@gobject=\count91
))
\Gin@req@height=\dimen111
\Gin@req@width=\dimen112
)
(D:\Programs\MikTeX\tex\latex\amsmath\amsmath.sty
Package: amsmath 2013/01/14 v2.14 AMS math features
\@mathmargin=\skip43

For additional information on amsmath, use the `?' option.
(D:\Programs\MikTeX\tex\latex\amsmath\amstext.sty
Package: amstext 2000/06/29 v2.01

(D:\Programs\MikTeX\tex\latex\amsmath\amsgen.sty
File: amsgen.sty 1999/11/30 v2.0
\@emptytoks=\toks16
\ex@=\dimen113
))
(D:\Programs\MikTeX\tex\latex\amsmath\amsbsy.sty
Package: amsbsy 1999/11/29 v1.2d
\pmbraise@=\dimen114
)
(D:\Programs\MikTeX\tex\latex\amsmath\amsopn.sty
Package: amsopn 1999/12/14 v2.01 operator names
)
\inf@bad=\count92
LaTeX Info: Redefining \frac on input line 210.
\uproot@=\count93
\leftroot@=\count94
LaTeX Info: Redefining \overline on input line 306.
\classnum@=\count95
\DOTSCASE@=\count96
LaTeX Info: Redefining \ldots on input line 378.
LaTeX Info: Redefining \dots on input line 381.
LaTeX Info: Redefining \cdots on input line 466.
\Mathstrutbox@=\box26
\strutbox@=\box27
\big@size=\dimen115
LaTeX Font Info:    Redeclaring font encoding OML on input line 566.
LaTeX Font Info:    Redeclaring font encoding OMS on input line 567.
\macc@depth=\count97
\c@MaxMatrixCols=\count98
\dotsspace@=\muskip10
\c@parentequation=\count99
\dspbrk@lvl=\count100
\tag@help=\toks17
\row@=\count101
\column@=\count102
\maxfields@=\count103
\andhelp@=\toks18
\eqnshift@=\dimen116
\alignsep@=\dimen117
\tagshift@=\dimen118
\tagwidth@=\dimen119
\totwidth@=\dimen120
\lineht@=\dimen121
\@envbody=\toks19
\multlinegap=\skip44
\multlinetaggap=\skip45
\mathdisplay@stack=\toks20
LaTeX Info: Redefining \[ on input line 2665.
LaTeX Info: Redefining \] on input line 2666.
)
(D:\Programs\MikTeX\tex\latex\amscls\amsthm.sty
Package: amsthm 2015/03/04 v2.20.2
\thm@style=\toks21
\thm@bodyfont=\toks22
\thm@headfont=\toks23
\thm@notefont=\toks24
\thm@headpunct=\toks25
\thm@preskip=\skip46
\thm@postskip=\skip47
\thm@headsep=\skip48
\dth@everypar=\toks26
)
(D:\Programs\MikTeX\tex\latex\amsfonts\amssymb.sty
Package: amssymb 2013/01/14 v3.01 AMS font symbols

(D:\Programs\MikTeX\tex\latex\amsfonts\amsfonts.sty
Package: amsfonts 2013/01/14 v3.01 Basic AMSFonts support
\symAMSa=\mathgroup4
\symAMSb=\mathgroup5
LaTeX Font Info:    Overwriting math alphabet `\mathfrak' in version `bold'
(Font)                  U/euf/m/n --> U/euf/b/n on input line 106.
))
(D:\Programs\MikTeX\tex\generic\babel\babel.sty
Package: babel 2015/08/03 3.9m The Babel package

*************************************
* Local config file bblopts.cfg used
*
(D:\Programs\MikTeX\tex\latex\00miktex\bblopts.cfg
File: bblopts.cfg 2006/07/31 v1.0 MiKTeX 'babel' configuration
)
(C:\Users\Joe\AppData\Roaming\MiKTeX\2.9\tex\latex\babel-english\english.ldf
Language: english 2012/08/20 v3.3p English support from the babel system

(D:\Programs\MikTeX\tex\generic\babel\babel.def
File: babel.def 2015/08/03 3.9m Babel common definitions
\babel@savecnt=\count104
\U@D=\dimen122
)
\l@canadian = a dialect from \language\l@american 
\l@australian = a dialect from \language\l@british 
\l@newzealand = a dialect from \language\l@british 
))
(D:\Programs\MikTeX\tex\latex\tools\tabularx.sty
Package: tabularx 2014/10/28 v2.10 `tabularx' package (DPC)

(D:\Programs\MikTeX\tex\latex\tools\array.sty
Package: array 2014/10/28 v2.4c Tabular extension package (FMi)
\col@sep=\dimen123
\extrarowheight=\dimen124
\NC@list=\toks27
\extratabsurround=\skip49
\backup@length=\skip50
)
\TX@col@width=\dimen125
\TX@old@table=\dimen126
\TX@old@col=\dimen127
\TX@target=\dimen128
\TX@delta=\dimen129
\TX@cols=\count105
\TX@ftn=\toks28
)
(D:\Programs\MikTeX\tex\latex\base\textcomp.sty
Package: textcomp 2005/09/27 v1.99g Standard LaTeX package
Package textcomp Info: Sub-encoding information:
(textcomp)               5 = only ISO-Adobe without \textcurrency
(textcomp)               4 = 5 + \texteuro
(textcomp)               3 = 4 + \textohm
(textcomp)               2 = 3 + \textestimated + \textcurrency
(textcomp)               1 = TS1 - \textcircled - \t
(textcomp)               0 = TS1 (full)
(textcomp)             Font families with sub-encoding setting implement
(textcomp)             only a restricted character set as indicated.
(textcomp)             Family '?' is the default used for unknown fonts.
(textcomp)             See the documentation for details.
Package textcomp Info: Setting ? sub-encoding to TS1/1 on input line 79.

(D:\Programs\MikTeX\tex\latex\base\ts1enc.def
File: ts1enc.def 2001/06/05 v3.0e (jk/car/fm) Standard LaTeX file
)
LaTeX Info: Redefining \oldstylenums on input line 334.
Package textcomp Info: Setting cmr sub-encoding to TS1/0 on input line 349.
Package textcomp Info: Setting cmss sub-encoding to TS1/0 on input line 350.
Package textcomp Info: Setting cmtt sub-encoding to TS1/0 on input line 351.
Package textcomp Info: Setting cmvtt sub-encoding to TS1/0 on input line 352.
Package textcomp Info: Setting cmbr sub-encoding to TS1/0 on input line 353.
Package textcomp Info: Setting cmtl sub-encoding to TS1/0 on input line 354.
Package textcomp Info: Setting ccr sub-encoding to TS1/0 on input line 355.
Package textcomp Info: Setting ptm sub-encoding to TS1/4 on input line 356.
Package textcomp Info: Setting pcr sub-encoding to TS1/4 on input line 357.
Package textcomp Info: Setting phv sub-encoding to TS1/4 on input line 358.
Package textcomp Info: Setting ppl sub-encoding to TS1/3 on input line 359.
Package textcomp Info: Setting pag sub-encoding to TS1/4 on input line 360.
Package textcomp Info: Setting pbk sub-encoding to TS1/4 on input line 361.
Package textcomp Info: Setting pnc sub-encoding to TS1/4 on input line 362.
Package textcomp Info: Setting pzc sub-encoding to TS1/4 on input line 363.
Package textcomp Info: Setting bch sub-encoding to TS1/4 on input line 364.
Package textcomp Info: Setting put sub-encoding to TS1/5 on input line 365.
Package textcomp Info: Setting uag sub-encoding to TS1/5 on input line 366.
Package textcomp Info: Setting ugq sub-encoding to TS1/5 on input line 367.
Package textcomp Info: Setting ul8 sub-encoding to TS1/4 on input line 368.
Package textcomp Info: Setting ul9 sub-encoding to TS1/4 on input line 369.
Package textcomp Info: Setting augie sub-encoding to TS1/5 on input line 370.
Package textcomp Info: Setting dayrom sub-encoding to TS1/3 on input line 371.
Package textcomp Info: Setting dayroms sub-encoding to TS1/3 on input line 372.

Package textcomp Info: Setting pxr sub-encoding to TS1/0 on input line 373.
Package textcomp Info: Setting pxss sub-encoding to TS1/0 on input line 374.
Package textcomp Info: Setting pxtt sub-encoding to TS1/0 on input line 375.
Package textcomp Info: Setting txr sub-encoding to TS1/0 on input line 376.
Package textcomp Info: Setting txss sub-encoding to TS1/0 on input line 377.
Package textcomp Info: Setting txtt sub-encoding to TS1/0 on input line 378.
Package textcomp Info: Setting lmr sub-encoding to TS1/0 on input line 379.
Package textcomp Info: Setting lmdh sub-encoding to TS1/0 on input line 380.
Package textcomp Info: Setting lmss sub-encoding to TS1/0 on input line 381.
Package textcomp Info: Setting lmssq sub-encoding to TS1/0 on input line 382.
Package textcomp Info: Setting lmvtt sub-encoding to TS1/0 on input line 383.
Package textcomp Info: Setting lmtt sub-encoding to TS1/0 on input line 384.
Package textcomp Info: Setting qhv sub-encoding to TS1/0 on input line 385.
Package textcomp Info: Setting qag sub-encoding to TS1/0 on input line 386.
Package textcomp Info: Setting qbk sub-encoding to TS1/0 on input line 387.
Package textcomp Info: Setting qcr sub-encoding to TS1/0 on input line 388.
Package textcomp Info: Setting qcs sub-encoding to TS1/0 on input line 389.
Package textcomp Info: Setting qpl sub-encoding to TS1/0 on input line 390.
Package textcomp Info: Setting qtm sub-encoding to TS1/0 on input line 391.
Package textcomp Info: Setting qzc sub-encoding to TS1/0 on input line 392.
Package textcomp Info: Setting qhvc sub-encoding to TS1/0 on input line 393.
Package textcomp Info: Setting futs sub-encoding to TS1/4 on input line 394.
Package textcomp Info: Setting futx sub-encoding to TS1/4 on input line 395.
Package textcomp Info: Setting futj sub-encoding to TS1/4 on input line 396.
Package textcomp Info: Setting hlh sub-encoding to TS1/3 on input line 397.
Package textcomp Info: Setting hls sub-encoding to TS1/3 on input line 398.
Package textcomp Info: Setting hlst sub-encoding to TS1/3 on input line 399.
Package textcomp Info: Setting hlct sub-encoding to TS1/5 on input line 400.
Package textcomp Info: Setting hlx sub-encoding to TS1/5 on input line 401.
Package textcomp Info: Setting hlce sub-encoding to TS1/5 on input line 402.
Package textcomp Info: Setting hlcn sub-encoding to TS1/5 on input line 403.
Package textcomp Info: Setting hlcw sub-encoding to TS1/5 on input line 404.
Package textcomp Info: Setting hlcf sub-encoding to TS1/5 on input line 405.
Package textcomp Info: Setting pplx sub-encoding to TS1/3 on input line 406.
Package textcomp Info: Setting pplj sub-encoding to TS1/3 on input line 407.
Package textcomp Info: Setting ptmx sub-encoding to TS1/4 on input line 408.
Package textcomp Info: Setting ptmj sub-encoding to TS1/4 on input line 409.
)
(C:\Users\Joe\AppData\Roaming\MiKTeX\2.9\tex\latex\xcolor\xcolor.sty
Package: xcolor 2007/01/21 v2.11 LaTeX color extensions (UK)

(D:\Programs\MikTeX\tex\latex\00miktex\color.cfg
File: color.cfg 2007/01/18 v1.5 color configuration of teTeX/TeXLive
)
Package xcolor Info: Driver file: pdftex.def on input line 225.

(C:\Users\Joe\AppData\Roaming\MiKTeX\2.9\tex\latex\colortbl\colortbl.sty
Package: colortbl 2012/02/13 v1.0a Color table columns (DPC)
\everycr=\toks29
\minrowclearance=\skip51
)
\rownum=\count106
Package xcolor Info: Model `cmy' substituted by `cmy0' on input line 1337.
Package xcolor Info: Model `hsb' substituted by `rgb' on input line 1341.
Package xcolor Info: Model `RGB' extended on input line 1353.
Package xcolor Info: Model `HTML' substituted by `rgb' on input line 1355.
Package xcolor Info: Model `Hsb' substituted by `hsb' on input line 1356.
Package xcolor Info: Model `tHsb' substituted by `hsb' on input line 1357.
Package xcolor Info: Model `HSB' substituted by `hsb' on input line 1358.
Package xcolor Info: Model `Gray' substituted by `gray' on input line 1359.
Package xcolor Info: Model `wave' substituted by `hsb' on input line 1360.
)
(D:\Programs\MikTeX\tex\generic\xypic\xy.sty
(D:\Programs\MikTeX\tex\generic\xypic\xy.tex Bootstrap'ing: catcodes, docmode,
(D:\Programs\MikTeX\tex\generic\xypic\xyrecat.tex)
(D:\Programs\MikTeX\tex\generic\xypic\xyidioms.tex)

 Xy-pic version 3.8.9 <2013/10/06>
 Copyright (c) 1991-2013 by Kristoffer H. Rose <krisrose@tug.org> and others
 Xy-pic is free software: see the User's Guide for details.

Loading kernel: messages; fonts; allocations: state,
\X@c=\dimen130
\Y@c=\dimen131
\U@c=\dimen132
\D@c=\dimen133
\L@c=\dimen134
\R@c=\dimen135
\Edge@c=\toks30
\X@p=\dimen136
\Y@p=\dimen137
\U@p=\dimen138
\D@p=\dimen139
\L@p=\dimen140
\R@p=\dimen141
\Edge@p=\toks31
\X@origin=\dimen142
\Y@origin=\dimen143
\X@xbase=\dimen144
\Y@xbase=\dimen145
\X@ybase=\dimen146
\Y@ybase=\dimen147
\X@min=\dimen148
\Y@min=\dimen149
\X@max=\dimen150
\Y@max=\dimen151
\lastobjectbox@=\box28
\zerodotbox@=\box29
\almostz@=\dimen152
 direction,
\d@X=\dimen153
\d@Y=\dimen154
\K@=\count107
\KK@=\count108
\Direction=\count109
\K@dXdY=\dimen155
\K@dYdX=\dimen156
\xyread@=\read1
\xywrite@=\write3
\csp@=\count110
\quotPTK@=\dimen157

utility macros; pictures: \xy, positions,
\swaptoks@@=\toks32
\connectobjectbox@@=\box30
 objects,
\styletoks@=\toks33
 decorations;
kernel objects: directionals, circles, text; options; algorithms: directions,
edges, connections;  Xy-pic loaded)
Package: xy 2013/10/06 Xy-pic version 3.8.9

(D:\Programs\MikTeX\tex\generic\xypic\xyall.tex
 Xy-pic option: All features v.3.8
(D:\Programs\MikTeX\tex\generic\xypic\xycurve.tex
 Xy-pic option: Curve and Spline extension v.3.12 curve,
\crv@cnt@=\count111
\crvpts@=\toks34
\splinebox@=\box31
\splineval@=\dimen158
\splinedepth@=\dimen159
\splinetol@=\dimen160
\splinelength@=\dimen161
 circles,
\L@=\dimen162
 loaded)
(D:\Programs\MikTeX\tex\generic\xypic\xyframe.tex
 Xy-pic option: Frame and Bracket extension v.3.14 loaded)
(D:\Programs\MikTeX\tex\generic\xypic\xycmtip.tex
 Xy-pic option: Computer Modern tip extension v.3.7
(D:\Programs\MikTeX\tex\generic\xypic\xytips.tex
 Xy-pic option: More Tips extension v.3.11 loaded) loaded)
(D:\Programs\MikTeX\tex\generic\xypic\xyline.tex
 Xy-pic option: Line styles extension v.3.10
\xylinethick@=\dimen163
 loaded)
(D:\Programs\MikTeX\tex\generic\xypic\xyrotate.tex
 Xy-pic option: Rotate and Scale extension v.3.8 loaded)
(D:\Programs\MikTeX\tex\generic\xypic\xycolor.tex
 Xy-pic option: Colour extension v.3.11 loaded)
(D:\Programs\MikTeX\tex\generic\xypic\xymatrix.tex
 Xy-pic option: Matrix feature v.3.14
\Row=\count112
\Col=\count113
\queue@=\toks35
\queue@@=\toks36
\qcount@=\count114
\qcount@@=\count115
\matrixsize@=\count116
 loaded)
(D:\Programs\MikTeX\tex\generic\xypic\xyarrow.tex
 Xy-pic option: Arrow and Path feature v.3.9 path, \ar, loaded)
(D:\Programs\MikTeX\tex\generic\xypic\xygraph.tex
 Xy-pic option: Graph feature v.3.11 loaded) loaded)
(D:\Programs\MikTeX\tex\generic\xypic\xypdf.tex
 Xy-pic option: PDF driver v.1.7 Xy-pic pdf driver: `color' extension support
(D:\Programs\MikTeX\tex\generic\xypic\xypdf-co.tex loaded)
Xy-pic pdf driver: `curve' extension support
(D:\Programs\MikTeX\tex\generic\xypic\xypdf-cu.tex loaded)
Xy-pic pdf driver: `frame' extension support
(D:\Programs\MikTeX\tex\generic\xypic\xypdf-fr.tex loaded)
Xy-pic pdf driver: `line' extension support
(D:\Programs\MikTeX\tex\generic\xypic\xypdf-li.tex loaded)
Xy-pic pdf driver: `rotate' extension support
(D:\Programs\MikTeX\tex\generic\xypic\xypdf-ro.tex loaded) loaded))
(C:\Users\Joe\AppData\Roaming\MiKTeX\2.9\tex\latex\fancyhdr\fancyhdr.sty
\fancy@headwidth=\skip52
\f@ncyO@elh=\skip53
\f@ncyO@erh=\skip54
\f@ncyO@olh=\skip55
\f@ncyO@orh=\skip56
\f@ncyO@elf=\skip57
\f@ncyO@erf=\skip58
\f@ncyO@olf=\skip59
\f@ncyO@orf=\skip60
)
(D:\Programs\MikTeX\tex\latex\hyperref\hyperref.sty
Package: hyperref 2012/11/06 v6.83m Hypertext links for LaTeX

(D:\Programs\MikTeX\tex\generic\oberdiek\hobsub-hyperref.sty
Package: hobsub-hyperref 2012/04/25 v1.12 Bundle oberdiek, subset hyperref (HO)


(D:\Programs\MikTeX\tex\generic\oberdiek\hobsub-generic.sty
Package: hobsub-generic 2012/04/25 v1.12 Bundle oberdiek, subset generic (HO)
Package: hobsub 2012/04/25 v1.12 Construct package bundles (HO)
Package hobsub Info: Skipping package `infwarerr' (already loaded).
Package hobsub Info: Skipping package `ltxcmds' (already loaded).
Package: ifluatex 2010/03/01 v1.3 Provides the ifluatex switch (HO)
Package ifluatex Info: LuaTeX not detected.
Package hobsub Info: Skipping package `ifvtex' (already loaded).
Package: intcalc 2007/09/27 v1.1 Expandable calculations with integers (HO)
Package hobsub Info: Skipping package `ifpdf' (already loaded).
Package: etexcmds 2011/02/16 v1.5 Avoid name clashes with e-TeX commands (HO)
Package etexcmds Info: Could not find \expanded.
(etexcmds)             That can mean that you are not using pdfTeX 1.50 or
(etexcmds)             that some package has redefined \expanded.
(etexcmds)             In the latter case, load this package earlier.
Package: kvsetkeys 2012/04/25 v1.16 Key value parser (HO)
Package: kvdefinekeys 2011/04/07 v1.3 Define keys (HO)
Package: pdftexcmds 2011/11/29 v0.20 Utility functions of pdfTeX for LuaTeX (HO
)
Package pdftexcmds Info: LuaTeX not detected.
Package pdftexcmds Info: \pdf@primitive is available.
Package pdftexcmds Info: \pdf@ifprimitive is available.
Package pdftexcmds Info: \pdfdraftmode found.
Package: pdfescape 2011/11/25 v1.13 Implements pdfTeX's escape features (HO)
Package: bigintcalc 2012/04/08 v1.3 Expandable calculations on big integers (HO
)
Package: bitset 2011/01/30 v1.1 Handle bit-vector datatype (HO)
Package: uniquecounter 2011/01/30 v1.2 Provide unlimited unique counter (HO)
)
Package hobsub Info: Skipping package `hobsub' (already loaded).
Package: letltxmacro 2010/09/02 v1.4 Let assignment for LaTeX macros (HO)
Package: hopatch 2011/06/24 v1.1 Wrapper for package hooks (HO)
Package: xcolor-patch 2011/01/30 xcolor patch
Package: atveryend 2011/06/30 v1.8 Hooks at the very end of document (HO)
Package atveryend Info: \enddocument detected (standard20110627).
Package: atbegshi 2011/10/05 v1.16 At begin shipout hook (HO)
Package: refcount 2011/10/16 v3.4 Data extraction from label references (HO)
Package: hycolor 2011/01/30 v1.7 Color options for hyperref/bookmark (HO)
)
(D:\Programs\MikTeX\tex\latex\oberdiek\auxhook.sty
Package: auxhook 2011/03/04 v1.3 Hooks for auxiliary files (HO)
)
(D:\Programs\MikTeX\tex\latex\oberdiek\kvoptions.sty
Package: kvoptions 2011/06/30 v3.11 Key value format for package options (HO)
)
\@linkdim=\dimen164
\Hy@linkcounter=\count117
\Hy@pagecounter=\count118

(D:\Programs\MikTeX\tex\latex\hyperref\pd1enc.def
File: pd1enc.def 2012/11/06 v6.83m Hyperref: PDFDocEncoding definition (HO)
)
\Hy@SavedSpaceFactor=\count119

(D:\Programs\MikTeX\tex\latex\00miktex\hyperref.cfg
File: hyperref.cfg 2002/06/06 v1.2 hyperref configuration of TeXLive
)
Package hyperref Info: Hyper figures OFF on input line 4443.
Package hyperref Info: Link nesting OFF on input line 4448.
Package hyperref Info: Hyper index ON on input line 4451.
Package hyperref Info: Plain pages OFF on input line 4458.
Package hyperref Info: Backreferencing OFF on input line 4463.
Package hyperref Info: Implicit mode ON; LaTeX internals redefined.
Package hyperref Info: Bookmarks ON on input line 4688.
\c@Hy@tempcnt=\count120

(C:\Users\Joe\AppData\Roaming\MiKTeX\2.9\tex\latex\url\url.sty
\Urlmuskip=\muskip11
Package: url 2013/09/16  ver 3.4  Verb mode for urls, etc.
)
LaTeX Info: Redefining \url on input line 5041.
\XeTeXLinkMargin=\dimen165
\Fld@menulength=\count121
\Field@Width=\dimen166
\Fld@charsize=\dimen167
Package hyperref Info: Hyper figures OFF on input line 6295.
Package hyperref Info: Link nesting OFF on input line 6300.
Package hyperref Info: Hyper index ON on input line 6303.
Package hyperref Info: backreferencing OFF on input line 6310.
Package hyperref Info: Link coloring OFF on input line 6315.
Package hyperref Info: Link coloring with OCG OFF on input line 6320.
Package hyperref Info: PDF/A mode OFF on input line 6325.
LaTeX Info: Redefining \ref on input line 6365.
LaTeX Info: Redefining \pageref on input line 6369.
\Hy@abspage=\count122
\c@Item=\count123
\c@Hfootnote=\count124
)

Package hyperref Message: Driver (autodetected): hpdftex.

(D:\Programs\MikTeX\tex\latex\hyperref\hpdftex.def
File: hpdftex.def 2012/11/06 v6.83m Hyperref driver for pdfTeX
\Fld@listcount=\count125
\c@bookmark@seq@number=\count126

(D:\Programs\MikTeX\tex\latex\oberdiek\rerunfilecheck.sty
Package: rerunfilecheck 2011/04/15 v1.7 Rerun checks for auxiliary files (HO)
Package uniquecounter Info: New unique counter `rerunfilecheck' on input line 2
82.
)
\Hy@SectionHShift=\skip61
)
(D:\Programs\MikTeX\tex\latex\tools\verbatim.sty
Package: verbatim 2014/10/28 v1.5q LaTeX2e package for verbatim enhancements
\every@verbatim=\toks37
\verbatim@line=\toks38
\verbatim@in@stream=\read2
)
(C:\Users\Joe\AppData\Roaming\MiKTeX\2.9\tex\latex\algorithms\algorithm.sty
Package: algorithm 2009/08/24 v0.1 Document Style `algorithm' - floating enviro
nment

(D:\Programs\MikTeX\tex\latex\float\float.sty
Package: float 2001/11/08 v1.3d Float enhancements (AL)
\c@float@type=\count127
\float@exts=\toks39
\float@box=\box32
\@float@everytoks=\toks40
\@floatcapt=\box33
)
(D:\Programs\MikTeX\tex\latex\base\ifthen.sty
Package: ifthen 2014/09/29 v1.1c Standard LaTeX ifthen package (DPC)
)
\@float@every@algorithm=\toks41
\c@algorithm=\count128
)
(C:\Users\Joe\AppData\Roaming\MiKTeX\2.9\tex\latex\algorithms\algorithmic.sty
Package: algorithmic 2009/08/24 v0.1 Document Style `algorithmic'
\c@ALC@unique=\count129
\c@ALC@line=\count130
\c@ALC@rem=\count131
\c@ALC@depth=\count132
\ALC@tlm=\skip62
\algorithmicindent=\skip63
)
(C:\Users\Joe\AppData\Roaming\MiKTeX\2.9\tex\latex\listings\listings.sty
\lst@mode=\count133
\lst@gtempboxa=\box34
\lst@token=\toks42
\lst@length=\count134
\lst@currlwidth=\dimen168
\lst@column=\count135
\lst@pos=\count136
\lst@lostspace=\dimen169
\lst@width=\dimen170
\lst@newlines=\count137
\lst@lineno=\count138
\lst@maxwidth=\dimen171

(C:\Users\Joe\AppData\Roaming\MiKTeX\2.9\tex\latex\listings\lstmisc.sty
File: lstmisc.sty 2015/06/04 1.6 (Carsten Heinz)
\c@lstnumber=\count139
\lst@skipnumbers=\count140
\lst@framebox=\box35
)
(C:\Users\Joe\AppData\Roaming\MiKTeX\2.9\tex\latex\listings\listings.cfg
File: listings.cfg 2015/06/04 1.6 listings configuration
))
Package: listings 2015/06/04 1.6 (Carsten Heinz)

(D:\Programs\MikTeX\tex\latex\tools\calc.sty
Package: calc 2014/10/28 v4.3 Infix arithmetic (KKT,FJ)
\calc@Acount=\count141
\calc@Bcount=\count142
\calc@Adimen=\dimen172
\calc@Bdimen=\dimen173
\calc@Askip=\skip64
\calc@Bskip=\skip65
LaTeX Info: Redefining \setlength on input line 80.
LaTeX Info: Redefining \addtolength on input line 81.
\calc@Ccount=\count143
\calc@Cskip=\skip66
) (doxygen.sty
Package: doxygen 

(D:\Programs\MikTeX\tex\latex\base\alltt.sty
Package: alltt 1997/06/16 v2.0g defines alltt environment
)
(C:\Users\Joe\AppData\Roaming\MiKTeX\2.9\tex\latex\xtab\xtab.sty
Package: xtab 2011/07/31 v2.3f Extended supertabular package
\c@tracingst=\count144
\PWSTcapht=\dimen174
\ST@wd=\dimen175
\ST@rightskip=\skip67
\ST@leftskip=\skip68
\ST@parfillskip=\skip69
\c@PWSTtable=\count145
\PWSTlastpage=\count146
\PWSTpenultimate=\count147
\PWSTcurpage=\count148
\PWSTtempc=\count149
\PWSTlines=\count150
\PWST@lastht=\dimen176
\PWST@generalht=\dimen177
\PWST@ht=\dimen178
\ST@pageleft=\dimen179
\ST@headht=\dimen180
\ST@tailht=\dimen181
\ST@pagesofar=\dimen182
\ST@pboxht=\dimen183
\ST@lineht=\dimen184
\ST@stretchht=\dimen185
\ST@prevht=\dimen186
\ST@toadd=\dimen187
\ST@dimen=\dimen188
\ST@pbox=\box36
)
\xrefbox=\box37
\xreflength=\skip70
\tmplength=\skip71
)
(D:\Programs\MikTeX\tex\latex\base\inputenc.sty
Package: inputenc 2015/03/17 v1.2c Input encoding file
\inpenc@prehook=\toks43
\inpenc@posthook=\toks44

(D:\Programs\MikTeX\tex\latex\base\utf8.def
File: utf8.def 2015/06/27 v1.1n UTF-8 support for inputenc
Now handling font encoding OML ...
... no UTF-8 mapping file for font encoding OML
Now handling font encoding T1 ...
... processing UTF-8 mapping file for font encoding T1

(D:\Programs\MikTeX\tex\latex\base\t1enc.dfu
File: t1enc.dfu 2015/06/27 v1.1n UTF-8 support for inputenc
   defining Unicode char U+00A1 (decimal 161)
   defining Unicode char U+00A3 (decimal 163)
   defining Unicode char U+00AB (decimal 171)
   defining Unicode char U+00BB (decimal 187)
   defining Unicode char U+00BF (decimal 191)
   defining Unicode char U+00C0 (decimal 192)
   defining Unicode char U+00C1 (decimal 193)
   defining Unicode char U+00C2 (decimal 194)
   defining Unicode char U+00C3 (decimal 195)
   defining Unicode char U+00C4 (decimal 196)
   defining Unicode char U+00C5 (decimal 197)
   defining Unicode char U+00C6 (decimal 198)
   defining Unicode char U+00C7 (decimal 199)
   defining Unicode char U+00C8 (decimal 200)
   defining Unicode char U+00C9 (decimal 201)
   defining Unicode char U+00CA (decimal 202)
   defining Unicode char U+00CB (decimal 203)
   defining Unicode char U+00CC (decimal 204)
   defining Unicode char U+00CD (decimal 205)
   defining Unicode char U+00CE (decimal 206)
   defining Unicode char U+00CF (decimal 207)
   defining Unicode char U+00D0 (decimal 208)
   defining Unicode char U+00D1 (decimal 209)
   defining Unicode char U+00D2 (decimal 210)
   defining Unicode char U+00D3 (decimal 211)
   defining Unicode char U+00D4 (decimal 212)
   defining Unicode char U+00D5 (decimal 213)
   defining Unicode char U+00D6 (decimal 214)
   defining Unicode char U+00D8 (decimal 216)
   defining Unicode char U+00D9 (decimal 217)
   defining Unicode char U+00DA (decimal 218)
   defining Unicode char U+00DB (decimal 219)
   defining Unicode char U+00DC (decimal 220)
   defining Unicode char U+00DD (decimal 221)
   defining Unicode char U+00DE (decimal 222)
   defining Unicode char U+00DF (decimal 223)
   defining Unicode char U+00E0 (decimal 224)
   defining Unicode char U+00E1 (decimal 225)
   defining Unicode char U+00E2 (decimal 226)
   defining Unicode char U+00E3 (decimal 227)
   defining Unicode char U+00E4 (decimal 228)
   defining Unicode char U+00E5 (decimal 229)
   defining Unicode char U+00E6 (decimal 230)
   defining Unicode char U+00E7 (decimal 231)
   defining Unicode char U+00E8 (decimal 232)
   defining Unicode char U+00E9 (decimal 233)
   defining Unicode char U+00EA (decimal 234)
   defining Unicode char U+00EB (decimal 235)
   defining Unicode char U+00EC (decimal 236)
   defining Unicode char U+00ED (decimal 237)
   defining Unicode char U+00EE (decimal 238)
   defining Unicode char U+00EF (decimal 239)
   defining Unicode char U+00F0 (decimal 240)
   defining Unicode char U+00F1 (decimal 241)
   defining Unicode char U+00F2 (decimal 242)
   defining Unicode char U+00F3 (decimal 243)
   defining Unicode char U+00F4 (decimal 244)
   defining Unicode char U+00F5 (decimal 245)
   defining Unicode char U+00F6 (decimal 246)
   defining Unicode char U+00F8 (decimal 248)
   defining Unicode char U+00F9 (decimal 249)
   defining Unicode char U+00FA (decimal 250)
   defining Unicode char U+00FB (decimal 251)
   defining Unicode char U+00FC (decimal 252)
   defining Unicode char U+00FD (decimal 253)
   defining Unicode char U+00FE (decimal 254)
   defining Unicode char U+00FF (decimal 255)
   defining Unicode char U+0102 (decimal 258)
   defining Unicode char U+0103 (decimal 259)
   defining Unicode char U+0104 (decimal 260)
   defining Unicode char U+0105 (decimal 261)
   defining Unicode char U+0106 (decimal 262)
   defining Unicode char U+0107 (decimal 263)
   defining Unicode char U+010C (decimal 268)
   defining Unicode char U+010D (decimal 269)
   defining Unicode char U+010E (decimal 270)
   defining Unicode char U+010F (decimal 271)
   defining Unicode char U+0110 (decimal 272)
   defining Unicode char U+0111 (decimal 273)
   defining Unicode char U+0118 (decimal 280)
   defining Unicode char U+0119 (decimal 281)
   defining Unicode char U+011A (decimal 282)
   defining Unicode char U+011B (decimal 283)
   defining Unicode char U+011E (decimal 286)
   defining Unicode char U+011F (decimal 287)
   defining Unicode char U+0130 (decimal 304)
   defining Unicode char U+0131 (decimal 305)
   defining Unicode char U+0132 (decimal 306)
   defining Unicode char U+0133 (decimal 307)
   defining Unicode char U+0139 (decimal 313)
   defining Unicode char U+013A (decimal 314)
   defining Unicode char U+013D (decimal 317)
   defining Unicode char U+013E (decimal 318)
   defining Unicode char U+0141 (decimal 321)
   defining Unicode char U+0142 (decimal 322)
   defining Unicode char U+0143 (decimal 323)
   defining Unicode char U+0144 (decimal 324)
   defining Unicode char U+0147 (decimal 327)
   defining Unicode char U+0148 (decimal 328)
   defining Unicode char U+014A (decimal 330)
   defining Unicode char U+014B (decimal 331)
   defining Unicode char U+0150 (decimal 336)
   defining Unicode char U+0151 (decimal 337)
   defining Unicode char U+0152 (decimal 338)
   defining Unicode char U+0153 (decimal 339)
   defining Unicode char U+0154 (decimal 340)
   defining Unicode char U+0155 (decimal 341)
   defining Unicode char U+0158 (decimal 344)
   defining Unicode char U+0159 (decimal 345)
   defining Unicode char U+015A (decimal 346)
   defining Unicode char U+015B (decimal 347)
   defining Unicode char U+015E (decimal 350)
   defining Unicode char U+015F (decimal 351)
   defining Unicode char U+0160 (decimal 352)
   defining Unicode char U+0161 (decimal 353)
   defining Unicode char U+0162 (decimal 354)
   defining Unicode char U+0163 (decimal 355)
   defining Unicode char U+0164 (decimal 356)
   defining Unicode char U+0165 (decimal 357)
   defining Unicode char U+016E (decimal 366)
   defining Unicode char U+016F (decimal 367)
   defining Unicode char U+0170 (decimal 368)
   defining Unicode char U+0171 (decimal 369)
   defining Unicode char U+0178 (decimal 376)
   defining Unicode char U+0179 (decimal 377)
   defining Unicode char U+017A (decimal 378)
   defining Unicode char U+017B (decimal 379)
   defining Unicode char U+017C (decimal 380)
   defining Unicode char U+017D (decimal 381)
   defining Unicode char U+017E (decimal 382)
   defining Unicode char U+200C (decimal 8204)
   defining Unicode char U+2013 (decimal 8211)
   defining Unicode char U+2014 (decimal 8212)
   defining Unicode char U+2018 (decimal 8216)
   defining Unicode char U+2019 (decimal 8217)
   defining Unicode char U+201A (decimal 8218)
   defining Unicode char U+201C (decimal 8220)
   defining Unicode char U+201D (decimal 8221)
   defining Unicode char U+201E (decimal 8222)
   defining Unicode char U+2030 (decimal 8240)
   defining Unicode char U+2031 (decimal 8241)
   defining Unicode char U+2039 (decimal 8249)
   defining Unicode char U+203A (decimal 8250)
   defining Unicode char U+2423 (decimal 9251)
)
Now handling font encoding OT1 ...
... processing UTF-8 mapping file for font encoding OT1

(D:\Programs\MikTeX\tex\latex\base\ot1enc.dfu
File: ot1enc.dfu 2015/06/27 v1.1n UTF-8 support for inputenc
   defining Unicode char U+00A1 (decimal 161)
   defining Unicode char U+00A3 (decimal 163)
   defining Unicode char U+00B8 (decimal 184)
   defining Unicode char U+00BF (decimal 191)
   defining Unicode char U+00C5 (decimal 197)
   defining Unicode char U+00C6 (decimal 198)
   defining Unicode char U+00D8 (decimal 216)
   defining Unicode char U+00DF (decimal 223)
   defining Unicode char U+00E6 (decimal 230)
   defining Unicode char U+00EC (decimal 236)
   defining Unicode char U+00ED (decimal 237)
   defining Unicode char U+00EE (decimal 238)
   defining Unicode char U+00EF (decimal 239)
   defining Unicode char U+00F8 (decimal 248)
   defining Unicode char U+0131 (decimal 305)
   defining Unicode char U+0141 (decimal 321)
   defining Unicode char U+0142 (decimal 322)
   defining Unicode char U+0152 (decimal 338)
   defining Unicode char U+0153 (decimal 339)
   defining Unicode char U+2013 (decimal 8211)
   defining Unicode char U+2014 (decimal 8212)
   defining Unicode char U+2018 (decimal 8216)
   defining Unicode char U+2019 (decimal 8217)
   defining Unicode char U+201C (decimal 8220)
   defining Unicode char U+201D (decimal 8221)
)
Now handling font encoding OMS ...
... processing UTF-8 mapping file for font encoding OMS

(D:\Programs\MikTeX\tex\latex\base\omsenc.dfu
File: omsenc.dfu 2015/06/27 v1.1n UTF-8 support for inputenc
   defining Unicode char U+00A7 (decimal 167)
   defining Unicode char U+00B6 (decimal 182)
   defining Unicode char U+00B7 (decimal 183)
   defining Unicode char U+2020 (decimal 8224)
   defining Unicode char U+2021 (decimal 8225)
   defining Unicode char U+2022 (decimal 8226)
)
Now handling font encoding OMX ...
... no UTF-8 mapping file for font encoding OMX
Now handling font encoding U ...
... no UTF-8 mapping file for font encoding U
Now handling font encoding TS1 ...
... processing UTF-8 mapping file for font encoding TS1

(D:\Programs\MikTeX\tex\latex\base\ts1enc.dfu
File: ts1enc.dfu 2015/06/27 v1.1n UTF-8 support for inputenc
   defining Unicode char U+00A2 (decimal 162)
   defining Unicode char U+00A3 (decimal 163)
   defining Unicode char U+00A4 (decimal 164)
   defining Unicode char U+00A5 (decimal 165)
   defining Unicode char U+00A6 (decimal 166)
   defining Unicode char U+00A7 (decimal 167)
   defining Unicode char U+00A8 (decimal 168)
   defining Unicode char U+00A9 (decimal 169)
   defining Unicode char U+00AA (decimal 170)
   defining Unicode char U+00AC (decimal 172)
   defining Unicode char U+00AE (decimal 174)
   defining Unicode char U+00AF (decimal 175)
   defining Unicode char U+00B0 (decimal 176)
   defining Unicode char U+00B1 (decimal 177)
   defining Unicode char U+00B2 (decimal 178)
   defining Unicode char U+00B3 (decimal 179)
   defining Unicode char U+00B4 (decimal 180)
   defining Unicode char U+00B5 (decimal 181)
   defining Unicode char U+00B6 (decimal 182)
   defining Unicode char U+00B7 (decimal 183)
   defining Unicode char U+00B9 (decimal 185)
   defining Unicode char U+00BA (decimal 186)
   defining Unicode char U+00BC (decimal 188)
   defining Unicode char U+00BD (decimal 189)
   defining Unicode char U+00BE (decimal 190)
   defining Unicode char U+00D7 (decimal 215)
   defining Unicode char U+00F7 (decimal 247)
   defining Unicode char U+0192 (decimal 402)
   defining Unicode char U+02C7 (decimal 711)
   defining Unicode char U+02D8 (decimal 728)
   defining Unicode char U+02DD (decimal 733)
   defining Unicode char U+0E3F (decimal 3647)
   defining Unicode char U+2016 (decimal 8214)
   defining Unicode char U+2020 (decimal 8224)
   defining Unicode char U+2021 (decimal 8225)
   defining Unicode char U+2022 (decimal 8226)
   defining Unicode char U+2030 (decimal 8240)
   defining Unicode char U+2031 (decimal 8241)
   defining Unicode char U+203B (decimal 8251)
   defining Unicode char U+203D (decimal 8253)
   defining Unicode char U+2044 (decimal 8260)
   defining Unicode char U+204E (decimal 8270)
   defining Unicode char U+2052 (decimal 8274)
   defining Unicode char U+20A1 (decimal 8353)
   defining Unicode char U+20A4 (decimal 8356)
   defining Unicode char U+20A6 (decimal 8358)
   defining Unicode char U+20A9 (decimal 8361)
   defining Unicode char U+20AB (decimal 8363)
   defining Unicode char U+20AC (decimal 8364)
   defining Unicode char U+20B1 (decimal 8369)
   defining Unicode char U+2103 (decimal 8451)
   defining Unicode char U+2116 (decimal 8470)
   defining Unicode char U+2117 (decimal 8471)
   defining Unicode char U+211E (decimal 8478)
   defining Unicode char U+2120 (decimal 8480)
   defining Unicode char U+2122 (decimal 8482)
   defining Unicode char U+2126 (decimal 8486)
   defining Unicode char U+2127 (decimal 8487)
   defining Unicode char U+212E (decimal 8494)
   defining Unicode char U+2190 (decimal 8592)
   defining Unicode char U+2191 (decimal 8593)
   defining Unicode char U+2192 (decimal 8594)
   defining Unicode char U+2193 (decimal 8595)
   defining Unicode char U+2329 (decimal 9001)
   defining Unicode char U+232A (decimal 9002)
   defining Unicode char U+2422 (decimal 9250)
   defining Unicode char U+25E6 (decimal 9702)
   defining Unicode char U+25EF (decimal 9711)
   defining Unicode char U+266A (decimal 9834)
)
Now handling font encoding PD1 ...
... no UTF-8 mapping file for font encoding PD1
   defining Unicode char U+00A9 (decimal 169)
   defining Unicode char U+00AA (decimal 170)
   defining Unicode char U+00AE (decimal 174)
   defining Unicode char U+00BA (decimal 186)
   defining Unicode char U+02C6 (decimal 710)
   defining Unicode char U+02DC (decimal 732)
   defining Unicode char U+200C (decimal 8204)
   defining Unicode char U+2026 (decimal 8230)
   defining Unicode char U+2122 (decimal 8482)
   defining Unicode char U+2423 (decimal 9251)
))
(D:\Programs\MikTeX\tex\latex\base\makeidx.sty
Package: makeidx 2014/09/29 v1.0m Standard LaTeX package
)
(D:\Programs\MikTeX\tex\latex\tools\multicol.sty
Package: multicol 2015/03/31 v1.8m multicolumn formatting (FMi)
\c@tracingmulticols=\count151
\mult@box=\box38
\multicol@leftmargin=\dimen189
\c@unbalance=\count152
\c@collectmore=\count153
\doublecol@number=\count154
\multicoltolerance=\count155
\multicolpretolerance=\count156
\full@width=\dimen190
\page@free=\dimen191
\premulticols=\dimen192
\postmulticols=\dimen193
\multicolsep=\skip72
\multicolbaselineskip=\skip73
\partial@page=\box39
\last@line=\box40
\maxbalancingoverflow=\dimen194
\mult@rightbox=\box41
\mult@grightbox=\box42
\mult@gfirstbox=\box43
\mult@firstbox=\box44
\@tempa=\box45
\@tempa=\box46
\@tempa=\box47
\@tempa=\box48
\@tempa=\box49
\@tempa=\box50
\@tempa=\box51
\@tempa=\box52
\@tempa=\box53
\@tempa=\box54
\@tempa=\box55
\@tempa=\box56
\@tempa=\box57
\@tempa=\box58
\@tempa=\box59
\@tempa=\box60
\@tempa=\box61
\c@columnbadness=\count157
\c@finalcolumnbadness=\count158
\last@try=\dimen195
\multicolovershoot=\dimen196
\multicolundershoot=\dimen197
\mult@nat@firstbox=\box62
\colbreak@box=\box63
\mc@col@check@num=\count159
)
(D:\Programs\MikTeX\tex\latex\multirow\multirow.sty
\bigstrutjot=\dimen198
)
(C:\Users\Joe\AppData\Roaming\MiKTeX\2.9\tex\latex\framed\framed.sty
Package: framed 2011/10/22 v 0.96: framed or shaded text with page breaks
\OuterFrameSep=\skip74
\fb@frw=\dimen199
\fb@frh=\dimen200
\FrameRule=\dimen201
\FrameSep=\dimen202
)
(D:\Programs\MikTeX\tex\latex\tools\xspace.sty
Package: xspace 2014/10/28 v1.13 Space after command names (DPC,MH)
)
(D:\Programs\MikTeX\tex\latex\misc\etex.sty
Package: etex 2015/07/08 v2.3 eTeX basic definition package (PEB,DPC)
\et@xins=\count160
)
(C:\Users\Joe\AppData\Roaming\MiKTeX\2.9\tex\latex\todonotes\todonotes.sty
Package: todonotes 2015/07/09 .dtx Todonotes source and documentation.
Package: todonotes 2012/07/25

(D:\Programs\MikTeX\tex\latex\xkeyval\xkeyval.sty
Package: xkeyval 2014/12/03 v2.7a package option processing (HA)

(D:\Programs\MikTeX\tex\generic\xkeyval\xkeyval.tex
(D:\Programs\MikTeX\tex\generic\xkeyval\xkvutils.tex
\XKV@toks=\toks45
\XKV@tempa@toks=\toks46
)
\XKV@depth=\count161
File: xkeyval.tex 2014/12/03 v2.7a key=value parser (HA)
))
(C:\Users\Joe\AppData\Roaming\MiKTeX\2.9\tex\latex\pgf\frontendlayer\tikz.sty
(C:\Users\Joe\AppData\Roaming\MiKTeX\2.9\tex\latex\pgf\basiclayer\pgf.sty
(C:\Users\Joe\AppData\Roaming\MiKTeX\2.9\tex\latex\pgf\utilities\pgfrcs.sty
(C:\Users\Joe\AppData\Roaming\MiKTeX\2.9\tex\generic\pgf\utilities\pgfutil-comm
on.tex
\pgfutil@everybye=\toks47
\pgfutil@tempdima=\dimen203
\pgfutil@tempdimb=\dimen204

(C:\Users\Joe\AppData\Roaming\MiKTeX\2.9\tex\generic\pgf\utilities\pgfutil-comm
on-lists.tex))
(C:\Users\Joe\AppData\Roaming\MiKTeX\2.9\tex\generic\pgf\utilities\pgfutil-late
x.def
\pgfutil@abb=\box64
 (C:\Users\Joe\AppData\Roaming\MiKTeX\2.9\tex\latex\ms\everyshi.sty
Package: everyshi 2001/05/15 v3.00 EveryShipout Package (MS)
))
(C:\Users\Joe\AppData\Roaming\MiKTeX\2.9\tex\generic\pgf\utilities\pgfrcs.code.
tex
Package: pgfrcs 2015/08/07 v3.0.1a (rcs-revision 1.31)
))
Package: pgf 2015/08/07 v3.0.1a (rcs-revision 1.15)

(C:\Users\Joe\AppData\Roaming\MiKTeX\2.9\tex\latex\pgf\basiclayer\pgfcore.sty
(C:\Users\Joe\AppData\Roaming\MiKTeX\2.9\tex\latex\pgf\systemlayer\pgfsys.sty
(C:\Users\Joe\AppData\Roaming\MiKTeX\2.9\tex\generic\pgf\systemlayer\pgfsys.cod
e.tex
Package: pgfsys 2014/07/09 v3.0.1a (rcs-revision 1.48)

(C:\Users\Joe\AppData\Roaming\MiKTeX\2.9\tex\generic\pgf\utilities\pgfkeys.code
.tex
\pgfkeys@pathtoks=\toks48
\pgfkeys@temptoks=\toks49

(C:\Users\Joe\AppData\Roaming\MiKTeX\2.9\tex\generic\pgf\utilities\pgfkeysfilte
red.code.tex
\pgfkeys@tmptoks=\toks50
))
\pgf@x=\dimen205
\pgf@y=\dimen206
\pgf@xa=\dimen207
\pgf@ya=\dimen208
\pgf@xb=\dimen209
\pgf@yb=\dimen210
\pgf@xc=\dimen211
\pgf@yc=\dimen212
\w@pgf@writea=\write4
\r@pgf@reada=\read3
\c@pgf@counta=\count162
\c@pgf@countb=\count163
\c@pgf@countc=\count164
\c@pgf@countd=\count165
\t@pgf@toka=\toks51
\t@pgf@tokb=\toks52
\t@pgf@tokc=\toks53

(C:\Users\Joe\AppData\Roaming\MiKTeX\2.9\tex\generic\pgf\systemlayer\pgf.cfg
File: pgf.cfg 2008/05/14  (rcs-revision 1.7)
)
Driver file for pgf: pgfsys-pdftex.def

(C:\Users\Joe\AppData\Roaming\MiKTeX\2.9\tex\generic\pgf\systemlayer\pgfsys-pdf
tex.def
File: pgfsys-pdftex.def 2014/10/11  (rcs-revision 1.35)

(C:\Users\Joe\AppData\Roaming\MiKTeX\2.9\tex\generic\pgf\systemlayer\pgfsys-com
mon-pdf.def
File: pgfsys-common-pdf.def 2013/10/10  (rcs-revision 1.13)
)))
(C:\Users\Joe\AppData\Roaming\MiKTeX\2.9\tex\generic\pgf\systemlayer\pgfsyssoft
path.code.tex
File: pgfsyssoftpath.code.tex 2013/09/09  (rcs-revision 1.9)
\pgfsyssoftpath@smallbuffer@items=\count166
\pgfsyssoftpath@bigbuffer@items=\count167
)
(C:\Users\Joe\AppData\Roaming\MiKTeX\2.9\tex\generic\pgf\systemlayer\pgfsysprot
ocol.code.tex
File: pgfsysprotocol.code.tex 2006/10/16  (rcs-revision 1.4)
))
(C:\Users\Joe\AppData\Roaming\MiKTeX\2.9\tex\generic\pgf\basiclayer\pgfcore.cod
e.tex
Package: pgfcore 2010/04/11 v3.0.1a (rcs-revision 1.7)

(C:\Users\Joe\AppData\Roaming\MiKTeX\2.9\tex\generic\pgf\math\pgfmath.code.tex
(C:\Users\Joe\AppData\Roaming\MiKTeX\2.9\tex\generic\pgf\math\pgfmathcalc.code.
tex
(C:\Users\Joe\AppData\Roaming\MiKTeX\2.9\tex\generic\pgf\math\pgfmathutil.code.
tex)
(C:\Users\Joe\AppData\Roaming\MiKTeX\2.9\tex\generic\pgf\math\pgfmathparser.cod
e.tex
\pgfmath@dimen=\dimen213
\pgfmath@count=\count168
\pgfmath@box=\box65
\pgfmath@toks=\toks54
\pgfmath@stack@operand=\toks55
\pgfmath@stack@operation=\toks56
)
(C:\Users\Joe\AppData\Roaming\MiKTeX\2.9\tex\generic\pgf\math\pgfmathfunctions.
code.tex
(C:\Users\Joe\AppData\Roaming\MiKTeX\2.9\tex\generic\pgf\math\pgfmathfunctions.
basic.code.tex)
(C:\Users\Joe\AppData\Roaming\MiKTeX\2.9\tex\generic\pgf\math\pgfmathfunctions.
trigonometric.code.tex)
(C:\Users\Joe\AppData\Roaming\MiKTeX\2.9\tex\generic\pgf\math\pgfmathfunctions.
random.code.tex)
(C:\Users\Joe\AppData\Roaming\MiKTeX\2.9\tex\generic\pgf\math\pgfmathfunctions.
comparison.code.tex)
(C:\Users\Joe\AppData\Roaming\MiKTeX\2.9\tex\generic\pgf\math\pgfmathfunctions.
base.code.tex)
(C:\Users\Joe\AppData\Roaming\MiKTeX\2.9\tex\generic\pgf\math\pgfmathfunctions.
round.code.tex)
(C:\Users\Joe\AppData\Roaming\MiKTeX\2.9\tex\generic\pgf\math\pgfmathfunctions.
misc.code.tex)
(C:\Users\Joe\AppData\Roaming\MiKTeX\2.9\tex\generic\pgf\math\pgfmathfunctions.
integerarithmetics.code.tex)))
(C:\Users\Joe\AppData\Roaming\MiKTeX\2.9\tex\generic\pgf\math\pgfmathfloat.code
.tex
\c@pgfmathroundto@lastzeros=\count169
))
(C:\Users\Joe\AppData\Roaming\MiKTeX\2.9\tex\generic\pgf\basiclayer\pgfcorepoin
ts.code.tex
File: pgfcorepoints.code.tex 2013/10/07  (rcs-revision 1.27)
\pgf@picminx=\dimen214
\pgf@picmaxx=\dimen215
\pgf@picminy=\dimen216
\pgf@picmaxy=\dimen217
\pgf@pathminx=\dimen218
\pgf@pathmaxx=\dimen219
\pgf@pathminy=\dimen220
\pgf@pathmaxy=\dimen221
\pgf@xx=\dimen222
\pgf@xy=\dimen223
\pgf@yx=\dimen224
\pgf@yy=\dimen225
\pgf@zx=\dimen226
\pgf@zy=\dimen227
)
(C:\Users\Joe\AppData\Roaming\MiKTeX\2.9\tex\generic\pgf\basiclayer\pgfcorepath
construct.code.tex
File: pgfcorepathconstruct.code.tex 2013/10/07  (rcs-revision 1.29)
\pgf@path@lastx=\dimen228
\pgf@path@lasty=\dimen229
)
(C:\Users\Joe\AppData\Roaming\MiKTeX\2.9\tex\generic\pgf\basiclayer\pgfcorepath
usage.code.tex
File: pgfcorepathusage.code.tex 2014/11/02  (rcs-revision 1.24)
\pgf@shorten@end@additional=\dimen230
\pgf@shorten@start@additional=\dimen231
)
(C:\Users\Joe\AppData\Roaming\MiKTeX\2.9\tex\generic\pgf\basiclayer\pgfcorescop
es.code.tex
File: pgfcorescopes.code.tex 2015/05/08  (rcs-revision 1.46)
\pgfpic=\box66
\pgf@hbox=\box67
\pgf@layerbox@main=\box68
\pgf@picture@serial@count=\count170
)
(C:\Users\Joe\AppData\Roaming\MiKTeX\2.9\tex\generic\pgf\basiclayer\pgfcoregrap
hicstate.code.tex
File: pgfcoregraphicstate.code.tex 2014/11/02  (rcs-revision 1.12)
\pgflinewidth=\dimen232
)
(C:\Users\Joe\AppData\Roaming\MiKTeX\2.9\tex\generic\pgf\basiclayer\pgfcoretran
sformations.code.tex
File: pgfcoretransformations.code.tex 2015/08/07  (rcs-revision 1.20)
\pgf@pt@x=\dimen233
Normal \dimen register pool exhausted, switching to extended pool.
\pgf@pt@y=\dimen256
\pgf@pt@temp=\dimen257
)
(C:\Users\Joe\AppData\Roaming\MiKTeX\2.9\tex\generic\pgf\basiclayer\pgfcorequic
k.code.tex
File: pgfcorequick.code.tex 2008/10/09  (rcs-revision 1.3)
)
(C:\Users\Joe\AppData\Roaming\MiKTeX\2.9\tex\generic\pgf\basiclayer\pgfcoreobje
cts.code.tex
File: pgfcoreobjects.code.tex 2006/10/11  (rcs-revision 1.2)
)
(C:\Users\Joe\AppData\Roaming\MiKTeX\2.9\tex\generic\pgf\basiclayer\pgfcorepath
processing.code.tex
File: pgfcorepathprocessing.code.tex 2013/09/09  (rcs-revision 1.9)
)
(C:\Users\Joe\AppData\Roaming\MiKTeX\2.9\tex\generic\pgf\basiclayer\pgfcorearro
ws.code.tex
File: pgfcorearrows.code.tex 2015/05/14  (rcs-revision 1.43)
\pgfarrowsep=\dimen258
)
(C:\Users\Joe\AppData\Roaming\MiKTeX\2.9\tex\generic\pgf\basiclayer\pgfcoreshad
e.code.tex
File: pgfcoreshade.code.tex 2013/07/15  (rcs-revision 1.15)
\pgf@max=\dimen259
\pgf@sys@shading@range@num=\count171
)
(C:\Users\Joe\AppData\Roaming\MiKTeX\2.9\tex\generic\pgf\basiclayer\pgfcoreimag
e.code.tex
File: pgfcoreimage.code.tex 2013/07/15  (rcs-revision 1.18)

(C:\Users\Joe\AppData\Roaming\MiKTeX\2.9\tex\generic\pgf\basiclayer\pgfcoreexte
rnal.code.tex
File: pgfcoreexternal.code.tex 2014/07/09  (rcs-revision 1.21)
\pgfexternal@startupbox=\box69
))
(C:\Users\Joe\AppData\Roaming\MiKTeX\2.9\tex\generic\pgf\basiclayer\pgfcorelaye
rs.code.tex
File: pgfcorelayers.code.tex 2013/07/18  (rcs-revision 1.7)
)
(C:\Users\Joe\AppData\Roaming\MiKTeX\2.9\tex\generic\pgf\basiclayer\pgfcoretran
sparency.code.tex
File: pgfcoretransparency.code.tex 2013/09/30  (rcs-revision 1.5)
)
(C:\Users\Joe\AppData\Roaming\MiKTeX\2.9\tex\generic\pgf\basiclayer\pgfcorepatt
erns.code.tex
File: pgfcorepatterns.code.tex 2013/11/07  (rcs-revision 1.5)
)))
(C:\Users\Joe\AppData\Roaming\MiKTeX\2.9\tex\generic\pgf\modules\pgfmoduleshape
s.code.tex
File: pgfmoduleshapes.code.tex 2014/03/21  (rcs-revision 1.35)
\pgfnodeparttextbox=\box70
)
(C:\Users\Joe\AppData\Roaming\MiKTeX\2.9\tex\generic\pgf\modules\pgfmoduleplot.
code.tex
File: pgfmoduleplot.code.tex 2015/08/03  (rcs-revision 1.13)
)
(C:\Users\Joe\AppData\Roaming\MiKTeX\2.9\tex\latex\pgf\compatibility\pgfcomp-ve
rsion-0-65.sty
Package: pgfcomp-version-0-65 2007/07/03 v3.0.1a (rcs-revision 1.7)
\pgf@nodesepstart=\dimen260
\pgf@nodesepend=\dimen261
)
(C:\Users\Joe\AppData\Roaming\MiKTeX\2.9\tex\latex\pgf\compatibility\pgfcomp-ve
rsion-1-18.sty
Package: pgfcomp-version-1-18 2007/07/23 v3.0.1a (rcs-revision 1.1)
))
(C:\Users\Joe\AppData\Roaming\MiKTeX\2.9\tex\latex\pgf\utilities\pgffor.sty
(C:\Users\Joe\AppData\Roaming\MiKTeX\2.9\tex\latex\pgf\utilities\pgfkeys.sty
(C:\Users\Joe\AppData\Roaming\MiKTeX\2.9\tex\generic\pgf\utilities\pgfkeys.code
.tex)) (C:\Users\Joe\AppData\Roaming\MiKTeX\2.9\tex\latex\pgf\math\pgfmath.sty
(C:\Users\Joe\AppData\Roaming\MiKTeX\2.9\tex\generic\pgf\math\pgfmath.code.tex)
)
(C:\Users\Joe\AppData\Roaming\MiKTeX\2.9\tex\generic\pgf\utilities\pgffor.code.
tex
Package: pgffor 2013/12/13 v3.0.1a (rcs-revision 1.25)

(C:\Users\Joe\AppData\Roaming\MiKTeX\2.9\tex\generic\pgf\math\pgfmath.code.tex)
\pgffor@iter=\dimen262
\pgffor@skip=\dimen263
\pgffor@stack=\toks57
\pgffor@toks=\toks58
))
(C:\Users\Joe\AppData\Roaming\MiKTeX\2.9\tex\generic\pgf\frontendlayer\tikz\tik
z.code.tex
Package: tikz 2015/08/07 v3.0.1a (rcs-revision 1.151)

(C:\Users\Joe\AppData\Roaming\MiKTeX\2.9\tex\generic\pgf\libraries\pgflibrarypl
othandlers.code.tex
File: pgflibraryplothandlers.code.tex 2013/08/31 v3.0.1a (rcs-revision 1.20)
\pgf@plot@mark@count=\count172
\pgfplotmarksize=\dimen264
)
\tikz@lastx=\dimen265
\tikz@lasty=\dimen266
\tikz@lastxsaved=\dimen267
\tikz@lastysaved=\dimen268
\tikzleveldistance=\dimen269
\tikzsiblingdistance=\dimen270
\tikz@figbox=\box71
\tikz@figbox@bg=\box72
\tikz@tempbox=\box73
\tikz@tempbox@bg=\box74
\tikztreelevel=\count173
\tikznumberofchildren=\count174
\tikznumberofcurrentchild=\count175
\tikz@fig@count=\count176

(C:\Users\Joe\AppData\Roaming\MiKTeX\2.9\tex\generic\pgf\modules\pgfmodulematri
x.code.tex
File: pgfmodulematrix.code.tex 2013/09/17  (rcs-revision 1.8)
\pgfmatrixcurrentrow=\count177
\pgfmatrixcurrentcolumn=\count178
\pgf@matrix@numberofcolumns=\count179
)
\tikz@expandcount=\count180

(C:\Users\Joe\AppData\Roaming\MiKTeX\2.9\tex\generic\pgf\frontendlayer\tikz\lib
raries\tikzlibrarytopaths.code.tex
File: tikzlibrarytopaths.code.tex 2008/06/17 v3.0.1a (rcs-revision 1.2)
)))
(C:\Users\Joe\AppData\Roaming\MiKTeX\2.9\tex\generic\pgf\frontendlayer\tikz\lib
raries\tikzlibrarypositioning.code.tex
File: tikzlibrarypositioning.code.tex 2008/10/06 v3.0.1a (rcs-revision 1.7)
)
\c@@todonotes@numberoftodonotes=\count181
)
(C:\Users\Joe\AppData\Roaming\MiKTeX\2.9\tex\latex\pdfpages\pdfpages.sty
Package: pdfpages 2015/09/18 v0.5d Insert pages of external PDF documents (AM)

(C:\Users\Joe\AppData\Roaming\MiKTeX\2.9\tex\latex\eso-pic\eso-pic.sty
Package: eso-pic 2015/07/21 v2.0g eso-pic (RN)
)
\AM@pagewidth=\dimen271
\AM@pageheight=\dimen272

(C:\Users\Joe\AppData\Roaming\MiKTeX\2.9\tex\latex\pdfpages\pppdftex.def
File: pppdftex.def 2015/09/18 v0.5d Pdfpages driver for pdfTeX (AM)
)
\AM@pagebox=\box75
\AM@toc@title=\toks59
\c@AM@survey=\count182
\AM@templatesizebox=\box76
)
(C:\Users\Joe\AppData\Roaming\MiKTeX\2.9\tex\latex\pgfgantt\pgfgantt.sty
Package: pgfgantt 2013/06/01 v4.0 Draw Gantt diagrams with TikZ

(C:\Users\Joe\AppData\Roaming\MiKTeX\2.9\tex\generic\pgf\frontendlayer\tikz\lib
raries\tikzlibraryarrows.code.tex
File: tikzlibraryarrows.code.tex 2008/01/09 v3.0.1a (rcs-revision 1.1)

(C:\Users\Joe\AppData\Roaming\MiKTeX\2.9\tex\generic\pgf\libraries\pgflibraryar
rows.code.tex
File: pgflibraryarrows.code.tex 2013/09/23 v3.0.1a (rcs-revision 1.16)
\arrowsize=\dimen273
))
(C:\Users\Joe\AppData\Roaming\MiKTeX\2.9\tex\generic\pgf\frontendlayer\tikz\lib
raries\tikzlibrarybackgrounds.code.tex
File: tikzlibrarybackgrounds.code.tex 2013/07/18 v3.0.1a (rcs-revision 1.3)
\pgf@layerbox@background=\box77
\pgf@layerboxsaved@background=\box78
)
(C:\Users\Joe\AppData\Roaming\MiKTeX\2.9\tex\generic\pgf\frontendlayer\tikz\lib
raries\tikzlibrarycalc.code.tex
File: tikzlibrarycalc.code.tex 2013/07/15 v3.0.1a (rcs-revision 1.9)
)
(C:\Users\Joe\AppData\Roaming\MiKTeX\2.9\tex\generic\pgf\frontendlayer\tikz\lib
raries\tikzlibrarypatterns.code.tex
File: tikzlibrarypatterns.code.tex 2008/01/15 v3.0.1a (rcs-revision 1.2)

(C:\Users\Joe\AppData\Roaming\MiKTeX\2.9\tex\generic\pgf\libraries\pgflibrarypa
tterns.code.tex
File: pgflibrarypatterns.code.tex 2008/03/03 v3.0.1a (rcs-revision 1.13)
))
(C:\Users\Joe\AppData\Roaming\MiKTeX\2.9\tex\generic\pgf\frontendlayer\tikz\lib
raries\tikzlibraryshapes.geometric.code.tex
File: tikzlibraryshapes.geometric.code.tex 2008/01/09 v3.0.1a (rcs-revision 1.1
)

(C:\Users\Joe\AppData\Roaming\MiKTeX\2.9\tex\generic\pgf\libraries\shapes\pgfli
braryshapes.geometric.code.tex
File: pgflibraryshapes.geometric.code.tex 2008/06/26 v3.0.1a (rcs-revision 1.1)

))
(C:\Users\Joe\AppData\Roaming\MiKTeX\2.9\tex\latex\pgf\utilities\pgfcalendar.st
y
(C:\Users\Joe\AppData\Roaming\MiKTeX\2.9\tex\generic\pgf\utilities\pgfcalendar.
code.tex
File: pgfcalendar.code.tex 2007/07/23 v3.0.1a (rcs-revision 1.11)
\pgfcalendarcurrentjulian=\count183
))
\gtt@currentline=\count184
\gtt@lasttitleline=\count185
\gtt@currgrid=\count186
\gtt@chartwidth=\count187
\gtt@lasttitleslot=\count188
\gtt@elementid=\count189
\gtt@today@slot=\count190
\gtt@startjulian=\count191
\gtt@endjulian=\count192
\gtt@calendar@slots=\count193
\gtt@calendar@weeknumber=\count194
\gtt@calendar@startofweek=\count195
\gtt@left@slot=\count196
\gtt@right@slot=\count197
) (D:\Programs\MikTeX\tex\latex\lm\lmodern.sty
Package: lmodern 2009/10/30 v1.6 Latin Modern Fonts
LaTeX Font Info:    Overwriting symbol font `operators' in version `normal'
(Font)                  OT1/cmr/m/n --> OT1/lmr/m/n on input line 22.
LaTeX Font Info:    Overwriting symbol font `letters' in version `normal'
(Font)                  OML/cmm/m/it --> OML/lmm/m/it on input line 23.
LaTeX Font Info:    Overwriting symbol font `symbols' in version `normal'
(Font)                  OMS/cmsy/m/n --> OMS/lmsy/m/n on input line 24.
LaTeX Font Info:    Overwriting symbol font `largesymbols' in version `normal'
(Font)                  OMX/cmex/m/n --> OMX/lmex/m/n on input line 25.
LaTeX Font Info:    Overwriting symbol font `operators' in version `bold'
(Font)                  OT1/cmr/bx/n --> OT1/lmr/bx/n on input line 26.
LaTeX Font Info:    Overwriting symbol font `letters' in version `bold'
(Font)                  OML/cmm/b/it --> OML/lmm/b/it on input line 27.
LaTeX Font Info:    Overwriting symbol font `symbols' in version `bold'
(Font)                  OMS/cmsy/b/n --> OMS/lmsy/b/n on input line 28.
LaTeX Font Info:    Overwriting symbol font `largesymbols' in version `bold'
(Font)                  OMX/cmex/m/n --> OMX/lmex/m/n on input line 29.
LaTeX Font Info:    Overwriting math alphabet `\mathbf' in version `normal'
(Font)                  OT1/cmr/bx/n --> OT1/lmr/bx/n on input line 31.
LaTeX Font Info:    Overwriting math alphabet `\mathsf' in version `normal'
(Font)                  OT1/cmss/m/n --> OT1/lmss/m/n on input line 32.
LaTeX Font Info:    Overwriting math alphabet `\mathit' in version `normal'
(Font)                  OT1/cmr/m/it --> OT1/lmr/m/it on input line 33.
LaTeX Font Info:    Overwriting math alphabet `\mathtt' in version `normal'
(Font)                  OT1/cmtt/m/n --> OT1/lmtt/m/n on input line 34.
LaTeX Font Info:    Overwriting math alphabet `\mathbf' in version `bold'
(Font)                  OT1/cmr/bx/n --> OT1/lmr/bx/n on input line 35.
LaTeX Font Info:    Overwriting math alphabet `\mathsf' in version `bold'
(Font)                  OT1/cmss/bx/n --> OT1/lmss/bx/n on input line 36.
LaTeX Font Info:    Overwriting math alphabet `\mathit' in version `bold'
(Font)                  OT1/cmr/bx/it --> OT1/lmr/bx/it on input line 37.
LaTeX Font Info:    Overwriting math alphabet `\mathtt' in version `bold'
(Font)                  OT1/cmtt/m/n --> OT1/lmtt/m/n on input line 38.
)
(D:\Programs\MikTeX\tex\latex\base\fontenc.sty
Package: fontenc 2005/09/27 v1.99g Standard LaTeX package

(D:\Programs\MikTeX\tex\latex\base\t1enc.def
File: t1enc.def 2005/09/27 v1.99g Standard LaTeX file
LaTeX Font Info:    Redeclaring font encoding T1 on input line 48.
))
(C:\Users\Joe\AppData\Roaming\MiKTeX\2.9\tex\latex\listings\lstlang1.sty
File: lstlang1.sty 2015/06/04 1.6 listings language file
)
(C:\Users\Joe\AppData\Roaming\MiKTeX\2.9\tex\latex\listings\lstmisc.sty
File: lstmisc.sty 2015/06/04 1.6 (Carsten Heinz)
)

Package Fancyhdr Warning: \fancyhead's `E' option without twoside option is use
less on input line 102.


Package Fancyhdr Warning: \fancyhead's `E' option without twoside option is use
less on input line 104.

(C:\Users\Joe\AppData\Roaming\MiKTeX\2.9\tex\latex\titlesec\titlesec.sty
Package: titlesec 2011/12/15 v2.10.0 Sectioning titles
\ttl@box=\box79
\beforetitleunit=\skip75
\aftertitleunit=\skip76
\ttl@plus=\dimen274
\ttl@minus=\dimen275
\ttl@toksa=\toks60
\titlewidth=\dimen276
\titlewidthlast=\dimen277
\titlewidthfirst=\dimen278
))
(CCBusinessPlan.aux)
LaTeX Font Info:    Checking defaults for OML/cmm/m/it on input line 18.
LaTeX Font Info:    ... okay on input line 18.
LaTeX Font Info:    Checking defaults for T1/cmr/m/n on input line 18.
LaTeX Font Info:    ... okay on input line 18.
LaTeX Font Info:    Checking defaults for OT1/cmr/m/n on input line 18.
LaTeX Font Info:    ... okay on input line 18.
LaTeX Font Info:    Checking defaults for OMS/cmsy/m/n on input line 18.
LaTeX Font Info:    ... okay on input line 18.
LaTeX Font Info:    Checking defaults for OMX/cmex/m/n on input line 18.
LaTeX Font Info:    ... okay on input line 18.
LaTeX Font Info:    Checking defaults for U/cmr/m/n on input line 18.
LaTeX Font Info:    ... okay on input line 18.
LaTeX Font Info:    Checking defaults for TS1/cmr/m/n on input line 18.
LaTeX Font Info:    Try loading font information for TS1+cmr on input line 18.
 (D:\Programs\MikTeX\tex\latex\base\ts1cmr.fd
File: ts1cmr.fd 2014/09/29 v2.5h Standard LaTeX font definitions
)
LaTeX Font Info:    ... okay on input line 18.
LaTeX Font Info:    Checking defaults for PD1/pdf/m/n on input line 18.
LaTeX Font Info:    ... okay on input line 18.
LaTeX Font Info:    Try loading font information for T1+lmss on input line 18.

(D:\Programs\MikTeX\tex\latex\lm\t1lmss.fd
File: t1lmss.fd 2009/10/30 v1.6 Font defs for Latin Modern
)
*geometry* driver: auto-detecting
*geometry* detected driver: pdftex
*geometry* verbose mode - [ preamble ] result:
* driver: pdftex
* paper: custom
* layout: <same size as paper>
* layoutoffset:(h,v)=(0.0pt,0.0pt)
* modes: 
* h-part:(L,W,R)=(72.27pt, 469.75499pt, 72.27pt)
* v-part:(T,H,B)=(72.26999pt, 664.88377pt, 57.81622pt)
* \paperwidth=614.295pt
* \paperheight=794.96999pt
* \textwidth=469.75499pt
* \textheight=664.88377pt
* \oddsidemargin=0.0pt
* \evensidemargin=0.0pt
* \topmargin=-30.06749pt
* \headheight=12.0pt
* \headsep=18.06749pt
* \topskip=10.0pt
* \footskip=25.29494pt
* \marginparwidth=69.0pt
* \marginparsep=7.0pt
* \columnsep=10.0pt
* \skip\footins=9.0pt plus 4.0pt minus 2.0pt
* \hoffset=0.0pt
* \voffset=0.0pt
* \mag=1000
* \@twocolumnfalse
* \@twosidefalse
* \@mparswitchfalse
* \@reversemarginfalse
* (1in=72.27pt=25.4mm, 1cm=28.453pt)

(C:\Users\Joe\AppData\Roaming\MiKTeX\2.9\tex\context\base\supp-pdf.mkii
[Loading MPS to PDF converter (version 2006.09.02).]
\scratchcounter=\count198
\scratchdimen=\dimen279
\scratchbox=\box80
\nofMPsegments=\count199
\nofMParguments=\count200
\everyMPshowfont=\toks61
\MPscratchCnt=\count201
\MPscratchDim=\dimen280
\MPnumerator=\count202
\makeMPintoPDFobject=\count203
\everyMPtoPDFconversion=\toks62
)
LaTeX Font Info:    Try loading font information for OT1+lmr on input line 18.
 (D:\Programs\MikTeX\tex\latex\lm\ot1lmr.fd
File: ot1lmr.fd 2009/10/30 v1.6 Font defs for Latin Modern
)
LaTeX Font Info:    Try loading font information for OML+lmm on input line 18.

(D:\Programs\MikTeX\tex\latex\lm\omllmm.fd
File: omllmm.fd 2009/10/30 v1.6 Font defs for Latin Modern
)
LaTeX Font Info:    Try loading font information for OMS+lmsy on input line 18.


(D:\Programs\MikTeX\tex\latex\lm\omslmsy.fd
File: omslmsy.fd 2009/10/30 v1.6 Font defs for Latin Modern
)
LaTeX Font Info:    Try loading font information for OMX+lmex on input line 18.


(D:\Programs\MikTeX\tex\latex\lm\omxlmex.fd
File: omxlmex.fd 2009/10/30 v1.6 Font defs for Latin Modern
)
LaTeX Font Info:    External font `lmex10' loaded for size
(Font)              <10> on input line 18.
LaTeX Font Info:    External font `lmex10' loaded for size
(Font)              <7> on input line 18.
LaTeX Font Info:    External font `lmex10' loaded for size
(Font)              <5> on input line 18.
LaTeX Font Info:    Try loading font information for U+msa on input line 18.

(D:\Programs\MikTeX\tex\latex\amsfonts\umsa.fd
File: umsa.fd 2013/01/14 v3.01 AMS symbols A
)
LaTeX Font Info:    Try loading font information for U+msb on input line 18.

(D:\Programs\MikTeX\tex\latex\amsfonts\umsb.fd
File: umsb.fd 2013/01/14 v3.01 AMS symbols B
)
Package xypdf Info: Line width: 0.39998pt on input line 18.
\AtBeginShipoutBox=\box81
Package hyperref Info: Link coloring OFF on input line 18.

(D:\Programs\MikTeX\tex\latex\hyperref\nameref.sty
Package: nameref 2012/10/27 v2.43 Cross-referencing by name of section

(D:\Programs\MikTeX\tex\generic\oberdiek\gettitlestring.sty
Package: gettitlestring 2010/12/03 v1.4 Cleanup title references (HO)
)
\c@section@level=\count204
)
LaTeX Info: Redefining \ref on input line 18.
LaTeX Info: Redefining \pageref on input line 18.
LaTeX Info: Redefining \nameref on input line 18.

(CCBusinessPlan.out) (CCBusinessPlan.out)
\@outlinefile=\write5
\c@lstlisting=\count205

ABD: EveryShipout initializing macros
(D:\Programs\MikTeX\tex\latex\oberdiek\pdflscape.sty
Package: pdflscape 2008/08/11 v0.10 Display of landscape pages in PDF (HO)

(D:\Programs\MikTeX\tex\latex\graphics\lscape.sty
Package: lscape 2000/10/22 v3.01 Landscape Pages (DPC)
)
Package pdflscape Info: Auto-detected driver: pdftex on input line 80.
)
LaTeX Font Info:    External font `lmex10' loaded for size
(Font)              <12> on input line 24.
LaTeX Font Info:    External font `lmex10' loaded for size
(Font)              <8> on input line 24.
LaTeX Font Info:    External font `lmex10' loaded for size
(Font)              <6> on input line 24.
 [1



{C:/Users/Joe/AppData/Local/MiKTeX/2.9/pdftex/config/pdftex.map}] (CCBusinessPl
an.toc
Overfull \hbox (8.25029pt too wide) detected at line 26
 []\T1/lmss/m/n/10 BM-1
 []


Overfull \hbox (8.25029pt too wide) detected at line 27
 []\T1/lmss/m/n/10 BM-1
 []


Overfull \hbox (8.25029pt too wide) detected at line 28
 []\T1/lmss/m/n/10 BM-1
 []


Overfull \hbox (8.25029pt too wide) detected at line 29
 []\T1/lmss/m/n/10 BM-2
 []


Overfull \hbox (8.25029pt too wide) detected at line 30
 []\T1/lmss/m/n/10 BM-2
 []

)
\tf@toc=\write6
pdfTeX warning (ext4): destination with the same identifier (name{page.i}) has 
been already used, duplicate ignored
<to be read again> 
                   \relax 
l.28 \mainmatter
                 [1

] (ExecutiveSummary.tex
Chapter 1.
) (GeneralCompanyDescription.tex [1


]
Chapter 2.
LaTeX Font Info:    Try loading font information for TS1+lmss on input line 18.

(D:\Programs\MikTeX\tex\latex\lm\ts1lmss.fd
File: ts1lmss.fd 2009/10/30 v1.6 Font defs for Latin Modern
)
Underfull \hbox (badness 10000) in paragraph at lines 34--35

 []


Underfull \hbox (badness 10000) in paragraph at lines 36--39

 []


Underfull \hbox (badness 10000) in paragraph at lines 40--43

 []

[2

]
Underfull \hbox (badness 10000) in paragraph at lines 44--47

 []


Underfull \hbox (badness 10000) in paragraph at lines 48--51

 []


Underfull \hbox (badness 10000) in paragraph at lines 52--55

 []

) (Product.tex [3]
Chapter 3.

Underfull \hbox (badness 10000) in paragraph at lines 19--22

 []


Underfull \hbox (badness 10000) in paragraph at lines 26--27

 []

LaTeX Font Info:    Try loading font information for T1+lmtt on input line 38.
(D:\Programs\MikTeX\tex\latex\lm\t1lmtt.fd
File: t1lmtt.fd 2009/10/30 v1.6 Font defs for Latin Modern
)
Underfull \hbox (badness 10000) in paragraph at lines 124--124

 []


Underfull \hbox (badness 10000) in paragraph at lines 124--124

 []


Underfull \hbox (badness 1038) in paragraph at lines 124--124
\T1/lmss/m/n/10 hard-ware fea-tures al-low-ing in-ter-est-ing func-tion-al-i-ti
es such as tak-ing
 []


Underfull \hbox (badness 10000) in paragraph at lines 124--124

 []


Underfull \hbox (badness 10000) in paragraph at lines 124--124

 []


Underfull \hbox (badness 10000) in paragraph at lines 124--124

 []


Underfull \hbox (badness 10000) in paragraph at lines 124--124

 []

[4

] [5]
LaTeX Font Info:    Font shape `T1/lmss/m/it' in size <10> not available
(Font)              Font shape `T1/lmss/m/sl' tried instead on input line 148.
LaTeX Font Info:    Font shape `T1/lmss/bx/it' in size <10> not available
(Font)              Font shape `T1/lmss/bx/sl' tried instead on input line 148.


Underfull \hbox (badness 10000) in paragraph at lines 148--149

 []


Underfull \hbox (badness 10000) in paragraph at lines 150--151

 []


Underfull \hbox (badness 10000) in paragraph at lines 152--154

 []


Underfull \hbox (badness 10000) in paragraph at lines 155--156

 []


Underfull \hbox (badness 10000) in paragraph at lines 157--159

 []


Underfull \hbox (badness 10000) in paragraph at lines 160--161

 []

) (Strategy.tex [6]
Chapter 4.

Underfull \hbox (badness 10000) in paragraph at lines 25--26

 []


Overfull \hbox (12.37471pt too wide) in paragraph at lines 31--32
\T1/lmss/m/n/10 Our ad-ver-tise-ment model is based on a CPM (cost-per-thousand
 im-pres-sions) model. Ac-cord-ing to []$\T1/lmtt/m/n/10 marketingterms .$
 []

[7

]
LaTeX Font Info:    Try loading font information for T1+lmr on input line 34.
 (D:\Programs\MikTeX\tex\latex\lm\t1lmr.fd
File: t1lmr.fd 2009/10/30 v1.6 Font defs for Latin Modern
)) (PersonalSummary.tex [8]
Chapter 5.
) [9

] (MarketAnalysis.texpdfTeX warning (ext4): destination with the same identifie
r (name{section.5.1}) has been already used, duplicate ignored
<to be read again> 
                   \relax 
l.6 \section{Market Segmentation}
                                  [1



]
Underfull \hbox (badness 10000) in paragraph at lines 46--48

 []

[2]) [3]
Package atveryend Info: Empty hook `BeforeClearDocument' on input line 43.
Package atveryend Info: Empty hook `AfterLastShipout' on input line 43.
 (CCBusinessPlan.aux)
Package atveryend Info: Executing hook `AtVeryEndDocument' on input line 43.
Package atveryend Info: Executing hook `AtEndAfterFileList' on input line 43.
Package rerunfilecheck Info: File `CCBusinessPlan.out' has not changed.
(rerunfilecheck)             Checksum: 7D6EE8B6C8F1B6A9D7AA2E9EDFD8EEEE;1789.
Package atveryend Info: Empty hook `AtVeryVeryEnd' on input line 43.
 ) 
Here is how much of TeX's memory you used:
 25998 strings out of 493673
 460440 string characters out of 3147638
 624412 words of memory out of 3000000
 28699 multiletter control sequences out of 15000+200000
 78700 words of font info for 74 fonts, out of 3000000 for 9000
 1025 hyphenation exceptions out of 8191
 64i,12n,72p,3379b,407s stack positions out of 5000i,500n,10000p,200000b,50000s
{D:/Programs/MikTeX/fonts/enc/dvips/lm/lm-mathsy.enc}{D:/Programs/MikTeX/font
s/enc/dvips/lm/lm-ec.enc}{D:/Programs/MikTeX/fonts/enc/dvips/lm/lm-mathit.enc}{
D:/Programs/MikTeX/fonts/enc/dvips/lm/lm-rm.enc}{D:/Programs/MikTeX/fonts/enc/d
vips/lm/lm-ts1.enc}<D:/Programs/MikTeX/fonts/type1/public/lm/lmmi10.pfb><D:/Pro
grams/MikTeX/fonts/type1/public/lm/lmr10.pfb><D:/Programs/MikTeX/fonts/type1/pu
blic/lm/lmss10.pfb><D:/Programs/MikTeX/fonts/type1/public/lm/lmss12.pfb><D:/Pro
grams/MikTeX/fonts/type1/public/lm/lmss17.pfb><D:/Programs/MikTeX/fonts/type1/p
ublic/lm/lmssbo10.pfb><D:/Programs/MikTeX/fonts/type1/public/lm/lmssbx10.pfb><D
:/Programs/MikTeX/fonts/type1/public/lm/lmsy10.pfb><D:/Programs/MikTeX/fonts/ty
pe1/public/lm/lmtt10.pfb>
Output written on CCBusinessPlan.pdf (14 pages, 227441 bytes).
PDF statistics:
 269 PDF objects out of 1000 (max. 8388607)
 41 named destinations out of 1000 (max. 500000)
 245 words of extra memory for PDF output out of 10000 (max. 10000000)

