\BOOKMARK [0][-]{Doc-Start}{Title}{}% 1
\BOOKMARK [0][-]{chapter*.1}{Contents}{}% 2
\BOOKMARK [0][-]{chapter.1}{Executive Summary}{}% 3
\BOOKMARK [0][-]{chapter.2}{General Company Description}{}% 4
\BOOKMARK [1][-]{section.2.1}{Company Summary}{chapter.2}% 5
\BOOKMARK [1][-]{section.2.2}{Mission}{chapter.2}% 6
\BOOKMARK [1][-]{section.2.3}{Objectives}{chapter.2}% 7
\BOOKMARK [1][-]{section.2.4}{Keys To Success}{chapter.2}% 8
\BOOKMARK [1][-]{section.2.5}{Company History}{chapter.2}% 9
\BOOKMARK [0][-]{chapter.3}{The Product}{}% 10
\BOOKMARK [1][-]{section.3.1}{Introduction}{chapter.3}% 11
\BOOKMARK [1][-]{section.3.2}{Developement Requirements}{chapter.3}% 12
\BOOKMARK [1][-]{section.3.3}{Product Description}{chapter.3}% 13
\BOOKMARK [2][-]{subsection.3.3.1}{Overview}{section.3.3}% 14
\BOOKMARK [2][-]{subsection.3.3.2}{Features}{section.3.3}% 15
\BOOKMARK [0][-]{chapter.4}{Strategy and Implementation Summary}{}% 16
\BOOKMARK [1][-]{section.4.1}{Market Strategy}{chapter.4}% 17
\BOOKMARK [1][-]{section.4.2}{Sales Strategy}{chapter.4}% 18
\BOOKMARK [2][-]{subsection.4.2.1}{Price Setting}{section.4.2}% 19
\BOOKMARK [0][-]{chapter.5}{Personal Summary}{}% 20
\BOOKMARK [1][-]{section.5.1}{Personnel Plan}{chapter.5}% 21
\BOOKMARK [0][-]{chapter*.2}{Market Analysis}{}% 22
\BOOKMARK [1][-]{section.5.1}{Market Segmentation}{chapter*.2}% 23
\BOOKMARK [1][-]{section.5.2}{Demographics}{chapter*.2}% 24
\BOOKMARK [1][-]{section.5.3}{Sizing up the Market}{chapter*.2}% 25
\BOOKMARK [1][-]{section.5.4}{Assement of competition}{chapter*.2}% 26
\BOOKMARK [1][-]{section.5.5}{SWOT Analysis}{chapter*.2}% 27
